2025-10-29 16:52:27,302 - INFO - Application starting...
2025-10-29 16:52:28,262 - DEBUG - Starting new HTTPS connection (1): api.telegra.ph:443
2025-10-29 16:52:30,101 - DEBUG - https://api.telegra.ph:443 "POST /createAccount/ HTTP/1.1" 200 214
2025-10-29 16:52:33,711 - DEBUG - Not in REPL -> leaving logger event level as is.
2025-10-29 16:52:33,737 - DEBUG - Looking for locale `en_US` in provider `faker.providers.address`.
2025-10-29 16:52:33,741 - DEBUG - Provider `faker.providers.address` has been localized to `en_US`.
2025-10-29 16:52:33,748 - DEBUG - Looking for locale `en_US` in provider `faker.providers.automotive`.
2025-10-29 16:52:33,752 - DEBUG - Provider `faker.providers.automotive` has been localized to `en_US`.
2025-10-29 16:52:33,756 - DEBUG - Looking for locale `en_US` in provider `faker.providers.bank`.
2025-10-29 16:52:33,758 - DEBUG - Specified locale `en_US` is not available for provider `faker.providers.bank`. Locale reset to `en_GB` for this provider.
2025-10-29 16:52:33,763 - DEBUG - Looking for locale `en_US` in provider `faker.providers.barcode`.
2025-10-29 16:52:33,764 - DEBUG - Provider `faker.providers.barcode` has been localized to `en_US`.
2025-10-29 16:52:33,770 - DEBUG - Looking for locale `en_US` in provider `faker.providers.color`.
2025-10-29 16:52:33,773 - DEBUG - Provider `faker.providers.color` has been localized to `en_US`.
2025-10-29 16:52:33,777 - DEBUG - Looking for locale `en_US` in provider `faker.providers.company`.
2025-10-29 16:52:33,780 - DEBUG - Provider `faker.providers.company` has been localized to `en_US`.
2025-10-29 16:52:33,786 - DEBUG - Looking for locale `en_US` in provider `faker.providers.credit_card`.
2025-10-29 16:52:33,787 - DEBUG - Provider `faker.providers.credit_card` has been localized to `en_US`.
2025-10-29 16:52:33,791 - DEBUG - Looking for locale `en_US` in provider `faker.providers.currency`.
2025-10-29 16:52:33,794 - DEBUG - Provider `faker.providers.currency` has been localized to `en_US`.
2025-10-29 16:52:33,798 - DEBUG - Looking for locale `en_US` in provider `faker.providers.date_time`.
2025-10-29 16:52:33,801 - DEBUG - Provider `faker.providers.date_time` has been localized to `en_US`.
2025-10-29 16:52:33,806 - DEBUG - Provider `faker.providers.doi` does not feature localization. Specified locale `en_US` is not used for this provider.
2025-10-29 16:52:33,806 - DEBUG - Provider `faker.providers.emoji` does not feature localization. Specified locale `en_US` is not used for this provider.
2025-10-29 16:52:33,806 - DEBUG - Provider `faker.providers.file` does not feature localization. Specified locale `en_US` is not used for this provider.
2025-10-29 16:52:33,807 - DEBUG - Looking for locale `en_US` in provider `faker.providers.geo`.
2025-10-29 16:52:33,808 - DEBUG - Provider `faker.providers.geo` has been localized to `en_US`.
2025-10-29 16:52:33,811 - DEBUG - Looking for locale `en_US` in provider `faker.providers.internet`.
2025-10-29 16:52:33,814 - DEBUG - Provider `faker.providers.internet` has been localized to `en_US`.
2025-10-29 16:52:33,818 - DEBUG - Looking for locale `en_US` in provider `faker.providers.isbn`.
2025-10-29 16:52:33,819 - DEBUG - Provider `faker.providers.isbn` has been localized to `en_US`.
2025-10-29 16:52:33,823 - DEBUG - Looking for locale `en_US` in provider `faker.providers.job`.
2025-10-29 16:52:33,826 - DEBUG - Provider `faker.providers.job` has been localized to `en_US`.
2025-10-29 16:52:33,831 - DEBUG - Looking for locale `en_US` in provider `faker.providers.lorem`.
2025-10-29 16:52:33,834 - DEBUG - Provider `faker.providers.lorem` has been localized to `en_US`.
2025-10-29 16:52:33,834 - DEBUG - Looking for locale `en_US` in provider `faker.providers.misc`.
2025-10-29 16:52:33,835 - DEBUG - Provider `faker.providers.misc` has been localized to `en_US`.
2025-10-29 16:52:33,836 - DEBUG - Looking for locale `en_US` in provider `faker.providers.passport`.
2025-10-29 16:52:33,836 - DEBUG - Provider `faker.providers.passport` has been localized to `en_US`.
2025-10-29 16:52:33,840 - DEBUG - Looking for locale `en_US` in provider `faker.providers.person`.
2025-10-29 16:52:33,845 - DEBUG - Provider `faker.providers.person` has been localized to `en_US`.
2025-10-29 16:52:33,852 - DEBUG - Looking for locale `en_US` in provider `faker.providers.phone_number`.
2025-10-29 16:52:33,856 - DEBUG - Provider `faker.providers.phone_number` has been localized to `en_US`.
2025-10-29 16:52:33,860 - DEBUG - Provider `faker.providers.profile` does not feature localization. Specified locale `en_US` is not used for this provider.
2025-10-29 16:52:33,861 - DEBUG - Provider `faker.providers.python` does not feature localization. Specified locale `en_US` is not used for this provider.
2025-10-29 16:52:33,861 - DEBUG - Provider `faker.providers.sbn` does not feature localization. Specified locale `en_US` is not used for this provider.
2025-10-29 16:52:33,861 - DEBUG - Looking for locale `en_US` in provider `faker.providers.ssn`.
2025-10-29 16:52:33,864 - DEBUG - Provider `faker.providers.ssn` has been localized to `en_US`.
2025-10-29 16:52:33,869 - DEBUG - Provider `faker.providers.user_agent` does not feature localization. Specified locale `en_US` is not used for this provider.
2025-10-29 16:52:35,481 - INFO - MainWindow.__init__ started.
2025-10-29 16:52:35,689 - INFO - MainWindow.__init__ finished.
2025-10-29 16:53:06,182 - DEBUG - Starting new HTTPS connection (1): t.me:443
2025-10-29 16:53:12,907 - DEBUG - https://t.me:443 "GET /b1nary_b0mber HTTP/1.1" 200 4062
