2025-08-29 09:41:39,266 - INFO - Application starting...
2025-08-29 09:41:39,598 - DEBUG - Starting new HTTPS connection (1): api.telegra.ph:443
2025-08-29 09:41:40,858 - DEBUG - https://api.telegra.ph:443 "POST /createAccount/ HTTP/1.1" 200 210
2025-08-29 09:41:41,809 - DEBUG - Not in REPL -> leaving logger event level as is.
2025-08-29 09:41:41,814 - DEBUG - Looking for locale `en_US` in provider `faker.providers.address`.
2025-08-29 09:41:41,820 - DEBUG - Provider `faker.providers.address` has been localized to `en_US`.
2025-08-29 09:41:41,822 - DEBUG - Looking for locale `en_US` in provider `faker.providers.automotive`.
2025-08-29 09:41:41,828 - DEBUG - Provider `faker.providers.automotive` has been localized to `en_US`.
2025-08-29 09:41:41,829 - DEBUG - Looking for locale `en_US` in provider `faker.providers.bank`.
2025-08-29 09:41:41,832 - DEBUG - Specified locale `en_US` is not available for provider `faker.providers.bank`. Locale reset to `en_GB` for this provider.
2025-08-29 09:41:41,833 - DEBUG - Looking for locale `en_US` in provider `faker.providers.barcode`.
2025-08-29 09:41:41,834 - DEBUG - Provider `faker.providers.barcode` has been localized to `en_US`.
2025-08-29 09:41:41,836 - DEBUG - Looking for locale `en_US` in provider `faker.providers.color`.
2025-08-29 09:41:41,838 - DEBUG - Provider `faker.providers.color` has been localized to `en_US`.
2025-08-29 09:41:41,839 - DEBUG - Looking for locale `en_US` in provider `faker.providers.company`.
2025-08-29 09:41:41,843 - DEBUG - Provider `faker.providers.company` has been localized to `en_US`.
2025-08-29 09:41:41,844 - DEBUG - Looking for locale `en_US` in provider `faker.providers.credit_card`.
2025-08-29 09:41:41,845 - DEBUG - Provider `faker.providers.credit_card` has been localized to `en_US`.
2025-08-29 09:41:41,845 - DEBUG - Looking for locale `en_US` in provider `faker.providers.currency`.
2025-08-29 09:41:41,848 - DEBUG - Provider `faker.providers.currency` has been localized to `en_US`.
2025-08-29 09:41:41,849 - DEBUG - Looking for locale `en_US` in provider `faker.providers.date_time`.
2025-08-29 09:41:41,853 - DEBUG - Provider `faker.providers.date_time` has been localized to `en_US`.
2025-08-29 09:41:41,854 - DEBUG - Provider `faker.providers.doi` does not feature localization. Specified locale `en_US` is not utilized for this provider.
2025-08-29 09:41:41,855 - DEBUG - Provider `faker.providers.emoji` does not feature localization. Specified locale `en_US` is not utilized for this provider.
2025-08-29 09:41:41,855 - DEBUG - Provider `faker.providers.file` does not feature localization. Specified locale `en_US` is not utilized for this provider.
2025-08-29 09:41:41,855 - DEBUG - Looking for locale `en_US` in provider `faker.providers.geo`.
2025-08-29 09:41:41,856 - DEBUG - Provider `faker.providers.geo` has been localized to `en_US`.
2025-08-29 09:41:41,857 - DEBUG - Looking for locale `en_US` in provider `faker.providers.internet`.
2025-08-29 09:41:41,860 - DEBUG - Provider `faker.providers.internet` has been localized to `en_US`.
2025-08-29 09:41:41,862 - DEBUG - Looking for locale `en_US` in provider `faker.providers.isbn`.
2025-08-29 09:41:41,862 - DEBUG - Provider `faker.providers.isbn` has been localized to `en_US`.
2025-08-29 09:41:41,863 - DEBUG - Looking for locale `en_US` in provider `faker.providers.job`.
2025-08-29 09:41:41,866 - DEBUG - Provider `faker.providers.job` has been localized to `en_US`.
2025-08-29 09:41:41,866 - DEBUG - Looking for locale `en_US` in provider `faker.providers.lorem`.
2025-08-29 09:41:41,870 - DEBUG - Provider `faker.providers.lorem` has been localized to `en_US`.
2025-08-29 09:41:41,870 - DEBUG - Looking for locale `en_US` in provider `faker.providers.misc`.
2025-08-29 09:41:41,871 - DEBUG - Provider `faker.providers.misc` has been localized to `en_US`.
2025-08-29 09:41:41,872 - DEBUG - Looking for locale `en_US` in provider `faker.providers.passport`.
2025-08-29 09:41:41,872 - DEBUG - Provider `faker.providers.passport` has been localized to `en_US`.
2025-08-29 09:41:41,873 - DEBUG - Looking for locale `en_US` in provider `faker.providers.person`.
2025-08-29 09:41:41,878 - DEBUG - Provider `faker.providers.person` has been localized to `en_US`.
2025-08-29 09:41:41,881 - DEBUG - Looking for locale `en_US` in provider `faker.providers.phone_number`.
2025-08-29 09:41:41,886 - DEBUG - Provider `faker.providers.phone_number` has been localized to `en_US`.
2025-08-29 09:41:41,887 - DEBUG - Provider `faker.providers.profile` does not feature localization. Specified locale `en_US` is not utilized for this provider.
2025-08-29 09:41:41,887 - DEBUG - Provider `faker.providers.python` does not feature localization. Specified locale `en_US` is not utilized for this provider.
2025-08-29 09:41:41,887 - DEBUG - Provider `faker.providers.sbn` does not feature localization. Specified locale `en_US` is not utilized for this provider.
2025-08-29 09:41:41,888 - DEBUG - Looking for locale `en_US` in provider `faker.providers.ssn`.
2025-08-29 09:41:41,891 - DEBUG - Provider `faker.providers.ssn` has been localized to `en_US`.
2025-08-29 09:41:41,892 - DEBUG - Provider `faker.providers.user_agent` does not feature localization. Specified locale `en_US` is not utilized for this provider.
2025-08-29 09:41:42,186 - INFO - MainWindow.__init__ started.
2025-08-29 09:41:42,250 - INFO - MainWindow.__init__ finished.
