2025-08-29 08:57:35,967 - INFO - Application starting...
2025-08-29 08:57:36,836 - DEBUG - Starting new HTTPS connection (1): api.telegra.ph:443
2025-08-29 08:57:37,849 - DEBUG - https://api.telegra.ph:443 "POST /createAccount/ HTTP/1.1" 200 215
2025-08-29 08:57:41,041 - DEBUG - Not in REPL -> leaving logger event level as is.
2025-08-29 08:57:41,070 - DEBUG - Looking for locale `en_US` in provider `faker.providers.address`.
2025-08-29 08:57:41,074 - DEBUG - Provider `faker.providers.address` has been localized to `en_US`.
2025-08-29 08:57:41,083 - DEBUG - Looking for locale `en_US` in provider `faker.providers.automotive`.
2025-08-29 08:57:41,088 - DEBUG - Provider `faker.providers.automotive` has been localized to `en_US`.
2025-08-29 08:57:41,092 - DEBUG - Looking for locale `en_US` in provider `faker.providers.bank`.
2025-08-29 08:57:41,095 - DEBUG - Specified locale `en_US` is not available for provider `faker.providers.bank`. Locale reset to `en_GB` for this provider.
2025-08-29 08:57:41,099 - DEBUG - Looking for locale `en_US` in provider `faker.providers.barcode`.
2025-08-29 08:57:41,100 - DEBUG - Provider `faker.providers.barcode` has been localized to `en_US`.
2025-08-29 08:57:41,106 - DEBUG - Looking for locale `en_US` in provider `faker.providers.color`.
2025-08-29 08:57:41,108 - DEBUG - Provider `faker.providers.color` has been localized to `en_US`.
2025-08-29 08:57:41,113 - DEBUG - Looking for locale `en_US` in provider `faker.providers.company`.
2025-08-29 08:57:41,117 - DEBUG - Provider `faker.providers.company` has been localized to `en_US`.
2025-08-29 08:57:41,122 - DEBUG - Looking for locale `en_US` in provider `faker.providers.credit_card`.
2025-08-29 08:57:41,123 - DEBUG - Provider `faker.providers.credit_card` has been localized to `en_US`.
2025-08-29 08:57:41,128 - DEBUG - Looking for locale `en_US` in provider `faker.providers.currency`.
2025-08-29 08:57:41,132 - DEBUG - Provider `faker.providers.currency` has been localized to `en_US`.
2025-08-29 08:57:41,136 - DEBUG - Looking for locale `en_US` in provider `faker.providers.date_time`.
2025-08-29 08:57:41,140 - DEBUG - Provider `faker.providers.date_time` has been localized to `en_US`.
2025-08-29 08:57:41,141 - DEBUG - Provider `faker.providers.doi` does not feature localization. Specified locale `en_US` is not utilized for this provider.
2025-08-29 08:57:41,141 - DEBUG - Provider `faker.providers.emoji` does not feature localization. Specified locale `en_US` is not utilized for this provider.
2025-08-29 08:57:41,142 - DEBUG - Provider `faker.providers.file` does not feature localization. Specified locale `en_US` is not utilized for this provider.
2025-08-29 08:57:41,142 - DEBUG - Looking for locale `en_US` in provider `faker.providers.geo`.
2025-08-29 08:57:41,142 - DEBUG - Provider `faker.providers.geo` has been localized to `en_US`.
2025-08-29 08:57:41,148 - DEBUG - Looking for locale `en_US` in provider `faker.providers.internet`.
2025-08-29 08:57:41,151 - DEBUG - Provider `faker.providers.internet` has been localized to `en_US`.
2025-08-29 08:57:41,156 - DEBUG - Looking for locale `en_US` in provider `faker.providers.isbn`.
2025-08-29 08:57:41,156 - DEBUG - Provider `faker.providers.isbn` has been localized to `en_US`.
2025-08-29 08:57:41,161 - DEBUG - Looking for locale `en_US` in provider `faker.providers.job`.
2025-08-29 08:57:41,164 - DEBUG - Provider `faker.providers.job` has been localized to `en_US`.
2025-08-29 08:57:41,169 - DEBUG - Looking for locale `en_US` in provider `faker.providers.lorem`.
2025-08-29 08:57:41,172 - DEBUG - Provider `faker.providers.lorem` has been localized to `en_US`.
2025-08-29 08:57:41,172 - DEBUG - Looking for locale `en_US` in provider `faker.providers.misc`.
2025-08-29 08:57:41,173 - DEBUG - Provider `faker.providers.misc` has been localized to `en_US`.
2025-08-29 08:57:41,177 - DEBUG - Looking for locale `en_US` in provider `faker.providers.passport`.
2025-08-29 08:57:41,178 - DEBUG - Provider `faker.providers.passport` has been localized to `en_US`.
2025-08-29 08:57:41,183 - DEBUG - Looking for locale `en_US` in provider `faker.providers.person`.
2025-08-29 08:57:41,188 - DEBUG - Provider `faker.providers.person` has been localized to `en_US`.
2025-08-29 08:57:41,194 - DEBUG - Looking for locale `en_US` in provider `faker.providers.phone_number`.
2025-08-29 08:57:41,199 - DEBUG - Provider `faker.providers.phone_number` has been localized to `en_US`.
2025-08-29 08:57:41,204 - DEBUG - Provider `faker.providers.profile` does not feature localization. Specified locale `en_US` is not utilized for this provider.
2025-08-29 08:57:41,204 - DEBUG - Provider `faker.providers.python` does not feature localization. Specified locale `en_US` is not utilized for this provider.
2025-08-29 08:57:41,204 - DEBUG - Provider `faker.providers.sbn` does not feature localization. Specified locale `en_US` is not utilized for this provider.
2025-08-29 08:57:41,204 - DEBUG - Looking for locale `en_US` in provider `faker.providers.ssn`.
2025-08-29 08:57:41,208 - DEBUG - Provider `faker.providers.ssn` has been localized to `en_US`.
2025-08-29 08:57:41,213 - DEBUG - Provider `faker.providers.user_agent` does not feature localization. Specified locale `en_US` is not utilized for this provider.
2025-08-29 08:57:43,061 - INFO - MainWindow.__init__ started.
2025-08-29 08:57:43,127 - INFO - MainWindow.__init__ finished.
