2025-11-03 12:57:45,479 - INFO - Application starting...
2025-11-03 12:57:45,915 - DEBUG - Starting new HTTPS connection (1): api.telegra.ph:443
2025-11-03 12:57:47,258 - DEBUG - https://api.telegra.ph:443 "POST /createAccount/ HTTP/1.1" 200 217
2025-11-03 12:57:48,491 - DEBUG - Not in REPL -> leaving logger event level as is.
2025-11-03 12:57:48,496 - DEBUG - Looking for locale `en_US` in provider `faker.providers.address`.
2025-11-03 12:57:48,499 - DEBUG - Provider `faker.providers.address` has been localized to `en_US`.
2025-11-03 12:57:48,502 - DEBUG - Looking for locale `en_US` in provider `faker.providers.automotive`.
2025-11-03 12:57:48,508 - DEBUG - Provider `faker.providers.automotive` has been localized to `en_US`.
2025-11-03 12:57:48,510 - DEBUG - Looking for locale `en_US` in provider `faker.providers.bank`.
2025-11-03 12:57:48,513 - DEBUG - Specified locale `en_US` is not available for provider `faker.providers.bank`. Locale reset to `en_GB` for this provider.
2025-11-03 12:57:48,514 - DEBUG - Looking for locale `en_US` in provider `faker.providers.barcode`.
2025-11-03 12:57:48,514 - DEBUG - Provider `faker.providers.barcode` has been localized to `en_US`.
2025-11-03 12:57:48,516 - DEBUG - Looking for locale `en_US` in provider `faker.providers.color`.
2025-11-03 12:57:48,519 - DEBUG - Provider `faker.providers.color` has been localized to `en_US`.
2025-11-03 12:57:48,520 - DEBUG - Looking for locale `en_US` in provider `faker.providers.company`.
2025-11-03 12:57:48,525 - DEBUG - Provider `faker.providers.company` has been localized to `en_US`.
2025-11-03 12:57:48,526 - DEBUG - Looking for locale `en_US` in provider `faker.providers.credit_card`.
2025-11-03 12:57:48,527 - DEBUG - Provider `faker.providers.credit_card` has been localized to `en_US`.
2025-11-03 12:57:48,528 - DEBUG - Looking for locale `en_US` in provider `faker.providers.currency`.
2025-11-03 12:57:48,532 - DEBUG - Provider `faker.providers.currency` has been localized to `en_US`.
2025-11-03 12:57:48,533 - DEBUG - Looking for locale `en_US` in provider `faker.providers.date_time`.
2025-11-03 12:57:48,535 - DEBUG - Provider `faker.providers.date_time` has been localized to `en_US`.
2025-11-03 12:57:48,537 - DEBUG - Provider `faker.providers.doi` does not feature localization. Specified locale `en_US` is not used for this provider.
2025-11-03 12:57:48,537 - DEBUG - Provider `faker.providers.emoji` does not feature localization. Specified locale `en_US` is not used for this provider.
2025-11-03 12:57:48,538 - DEBUG - Provider `faker.providers.file` does not feature localization. Specified locale `en_US` is not used for this provider.
2025-11-03 12:57:48,538 - DEBUG - Looking for locale `en_US` in provider `faker.providers.geo`.
2025-11-03 12:57:48,539 - DEBUG - Provider `faker.providers.geo` has been localized to `en_US`.
2025-11-03 12:57:48,540 - DEBUG - Looking for locale `en_US` in provider `faker.providers.internet`.
2025-11-03 12:57:48,543 - DEBUG - Provider `faker.providers.internet` has been localized to `en_US`.
2025-11-03 12:57:48,545 - DEBUG - Looking for locale `en_US` in provider `faker.providers.isbn`.
2025-11-03 12:57:48,546 - DEBUG - Provider `faker.providers.isbn` has been localized to `en_US`.
2025-11-03 12:57:48,547 - DEBUG - Looking for locale `en_US` in provider `faker.providers.job`.
2025-11-03 12:57:48,549 - DEBUG - Provider `faker.providers.job` has been localized to `en_US`.
2025-11-03 12:57:48,551 - DEBUG - Looking for locale `en_US` in provider `faker.providers.lorem`.
2025-11-03 12:57:48,554 - DEBUG - Provider `faker.providers.lorem` has been localized to `en_US`.
2025-11-03 12:57:48,554 - DEBUG - Looking for locale `en_US` in provider `faker.providers.misc`.
2025-11-03 12:57:48,555 - DEBUG - Provider `faker.providers.misc` has been localized to `en_US`.
2025-11-03 12:57:48,556 - DEBUG - Looking for locale `en_US` in provider `faker.providers.passport`.
2025-11-03 12:57:48,556 - DEBUG - Provider `faker.providers.passport` has been localized to `en_US`.
2025-11-03 12:57:48,558 - DEBUG - Looking for locale `en_US` in provider `faker.providers.person`.
2025-11-03 12:57:48,576 - DEBUG - Provider `faker.providers.person` has been localized to `en_US`.
2025-11-03 12:57:48,583 - DEBUG - Looking for locale `en_US` in provider `faker.providers.phone_number`.
2025-11-03 12:57:48,594 - DEBUG - Provider `faker.providers.phone_number` has been localized to `en_US`.
2025-11-03 12:57:48,595 - DEBUG - Provider `faker.providers.profile` does not feature localization. Specified locale `en_US` is not used for this provider.
2025-11-03 12:57:48,595 - DEBUG - Provider `faker.providers.python` does not feature localization. Specified locale `en_US` is not used for this provider.
2025-11-03 12:57:48,596 - DEBUG - Provider `faker.providers.sbn` does not feature localization. Specified locale `en_US` is not used for this provider.
2025-11-03 12:57:48,596 - DEBUG - Looking for locale `en_US` in provider `faker.providers.ssn`.
2025-11-03 12:57:48,605 - DEBUG - Provider `faker.providers.ssn` has been localized to `en_US`.
2025-11-03 12:57:48,607 - DEBUG - Provider `faker.providers.user_agent` does not feature localization. Specified locale `en_US` is not used for this provider.
