2025-11-03 12:54:23,296 - INFO - Application starting...
2025-11-03 12:54:23,703 - DEBUG - Starting new HTTPS connection (1): api.telegra.ph:443
2025-11-03 12:54:25,210 - DEBUG - https://api.telegra.ph:443 "POST /createAccount/ HTTP/1.1" 200 213
2025-11-03 12:54:26,257 - DEBUG - Not in REPL -> leaving logger event level as is.
2025-11-03 12:54:26,262 - DEBUG - Looking for locale `en_US` in provider `faker.providers.address`.
2025-11-03 12:54:26,267 - DEBUG - Provider `faker.providers.address` has been localized to `en_US`.
2025-11-03 12:54:26,270 - DEBUG - Looking for locale `en_US` in provider `faker.providers.automotive`.
2025-11-03 12:54:26,275 - DEBUG - Provider `faker.providers.automotive` has been localized to `en_US`.
2025-11-03 12:54:26,276 - DEBUG - Looking for locale `en_US` in provider `faker.providers.bank`.
2025-11-03 12:54:26,280 - DEBUG - Specified locale `en_US` is not available for provider `faker.providers.bank`. Locale reset to `en_GB` for this provider.
2025-11-03 12:54:26,280 - DEBUG - Looking for locale `en_US` in provider `faker.providers.barcode`.
2025-11-03 12:54:26,281 - DEBUG - Provider `faker.providers.barcode` has been localized to `en_US`.
2025-11-03 12:54:26,284 - DEBUG - Looking for locale `en_US` in provider `faker.providers.color`.
2025-11-03 12:54:26,286 - DEBUG - Provider `faker.providers.color` has been localized to `en_US`.
2025-11-03 12:54:26,287 - DEBUG - Looking for locale `en_US` in provider `faker.providers.company`.
2025-11-03 12:54:26,292 - DEBUG - Provider `faker.providers.company` has been localized to `en_US`.
2025-11-03 12:54:26,293 - DEBUG - Looking for locale `en_US` in provider `faker.providers.credit_card`.
2025-11-03 12:54:26,293 - DEBUG - Provider `faker.providers.credit_card` has been localized to `en_US`.
2025-11-03 12:54:26,294 - DEBUG - Looking for locale `en_US` in provider `faker.providers.currency`.
2025-11-03 12:54:26,298 - DEBUG - Provider `faker.providers.currency` has been localized to `en_US`.
2025-11-03 12:54:26,299 - DEBUG - Looking for locale `en_US` in provider `faker.providers.date_time`.
2025-11-03 12:54:26,306 - DEBUG - Provider `faker.providers.date_time` has been localized to `en_US`.
2025-11-03 12:54:26,308 - DEBUG - Provider `faker.providers.doi` does not feature localization. Specified locale `en_US` is not used for this provider.
2025-11-03 12:54:26,308 - DEBUG - Provider `faker.providers.emoji` does not feature localization. Specified locale `en_US` is not used for this provider.
2025-11-03 12:54:26,308 - DEBUG - Provider `faker.providers.file` does not feature localization. Specified locale `en_US` is not used for this provider.
2025-11-03 12:54:26,308 - DEBUG - Looking for locale `en_US` in provider `faker.providers.geo`.
2025-11-03 12:54:26,309 - DEBUG - Provider `faker.providers.geo` has been localized to `en_US`.
2025-11-03 12:54:26,310 - DEBUG - Looking for locale `en_US` in provider `faker.providers.internet`.
2025-11-03 12:54:26,314 - DEBUG - Provider `faker.providers.internet` has been localized to `en_US`.
2025-11-03 12:54:26,314 - DEBUG - Looking for locale `en_US` in provider `faker.providers.isbn`.
2025-11-03 12:54:26,315 - DEBUG - Provider `faker.providers.isbn` has been localized to `en_US`.
2025-11-03 12:54:26,316 - DEBUG - Looking for locale `en_US` in provider `faker.providers.job`.
2025-11-03 12:54:26,320 - DEBUG - Provider `faker.providers.job` has been localized to `en_US`.
2025-11-03 12:54:26,321 - DEBUG - Looking for locale `en_US` in provider `faker.providers.lorem`.
2025-11-03 12:54:26,323 - DEBUG - Provider `faker.providers.lorem` has been localized to `en_US`.
2025-11-03 12:54:26,323 - DEBUG - Looking for locale `en_US` in provider `faker.providers.misc`.
2025-11-03 12:54:26,324 - DEBUG - Provider `faker.providers.misc` has been localized to `en_US`.
2025-11-03 12:54:26,326 - DEBUG - Looking for locale `en_US` in provider `faker.providers.passport`.
2025-11-03 12:54:26,326 - DEBUG - Provider `faker.providers.passport` has been localized to `en_US`.
2025-11-03 12:54:26,327 - DEBUG - Looking for locale `en_US` in provider `faker.providers.person`.
2025-11-03 12:54:26,334 - DEBUG - Provider `faker.providers.person` has been localized to `en_US`.
2025-11-03 12:54:26,336 - DEBUG - Looking for locale `en_US` in provider `faker.providers.phone_number`.
2025-11-03 12:54:26,341 - DEBUG - Provider `faker.providers.phone_number` has been localized to `en_US`.
2025-11-03 12:54:26,342 - DEBUG - Provider `faker.providers.profile` does not feature localization. Specified locale `en_US` is not used for this provider.
2025-11-03 12:54:26,343 - DEBUG - Provider `faker.providers.python` does not feature localization. Specified locale `en_US` is not used for this provider.
2025-11-03 12:54:26,343 - DEBUG - Provider `faker.providers.sbn` does not feature localization. Specified locale `en_US` is not used for this provider.
2025-11-03 12:54:26,343 - DEBUG - Looking for locale `en_US` in provider `faker.providers.ssn`.
2025-11-03 12:54:26,348 - DEBUG - Provider `faker.providers.ssn` has been localized to `en_US`.
2025-11-03 12:54:26,349 - DEBUG - Provider `faker.providers.user_agent` does not feature localization. Specified locale `en_US` is not used for this provider.
2025-11-03 12:54:26,793 - INFO - MainWindow.__init__ started.
2025-11-03 12:54:26,870 - INFO - MainWindow.__init__ finished.
