2025-08-29 09:58:42,229 - INFO - Application starting...
2025-08-29 09:58:42,581 - DEBUG - Starting new HTTPS connection (1): api.telegra.ph:443
2025-08-29 09:58:43,853 - DEBUG - https://api.telegra.ph:443 "POST /createAccount/ HTTP/1.1" 200 213
2025-08-29 09:58:44,808 - DEBUG - Not in REPL -> leaving logger event level as is.
2025-08-29 09:58:44,812 - DEBUG - Looking for locale `en_US` in provider `faker.providers.address`.
2025-08-29 09:58:44,816 - DEBUG - Provider `faker.providers.address` has been localized to `en_US`.
2025-08-29 09:58:44,817 - DEBUG - Looking for locale `en_US` in provider `faker.providers.automotive`.
2025-08-29 09:58:44,825 - DEBUG - Provider `faker.providers.automotive` has been localized to `en_US`.
2025-08-29 09:58:44,826 - DEBUG - Looking for locale `en_US` in provider `faker.providers.bank`.
2025-08-29 09:58:44,828 - DEBUG - Specified locale `en_US` is not available for provider `faker.providers.bank`. Locale reset to `en_GB` for this provider.
2025-08-29 09:58:44,829 - DEBUG - Looking for locale `en_US` in provider `faker.providers.barcode`.
2025-08-29 09:58:44,830 - DEBUG - Provider `faker.providers.barcode` has been localized to `en_US`.
2025-08-29 09:58:44,831 - DEBUG - Looking for locale `en_US` in provider `faker.providers.color`.
2025-08-29 09:58:44,833 - DEBUG - Provider `faker.providers.color` has been localized to `en_US`.
2025-08-29 09:58:44,834 - DEBUG - Looking for locale `en_US` in provider `faker.providers.company`.
2025-08-29 09:58:44,837 - DEBUG - Provider `faker.providers.company` has been localized to `en_US`.
2025-08-29 09:58:44,839 - DEBUG - Looking for locale `en_US` in provider `faker.providers.credit_card`.
2025-08-29 09:58:44,840 - DEBUG - Provider `faker.providers.credit_card` has been localized to `en_US`.
2025-08-29 09:58:44,841 - DEBUG - Looking for locale `en_US` in provider `faker.providers.currency`.
2025-08-29 09:58:44,844 - DEBUG - Provider `faker.providers.currency` has been localized to `en_US`.
2025-08-29 09:58:44,845 - DEBUG - Looking for locale `en_US` in provider `faker.providers.date_time`.
2025-08-29 09:58:44,848 - DEBUG - Provider `faker.providers.date_time` has been localized to `en_US`.
2025-08-29 09:58:44,849 - DEBUG - Provider `faker.providers.doi` does not feature localization. Specified locale `en_US` is not utilized for this provider.
2025-08-29 09:58:44,850 - DEBUG - Provider `faker.providers.emoji` does not feature localization. Specified locale `en_US` is not utilized for this provider.
2025-08-29 09:58:44,850 - DEBUG - Provider `faker.providers.file` does not feature localization. Specified locale `en_US` is not utilized for this provider.
2025-08-29 09:58:44,850 - DEBUG - Looking for locale `en_US` in provider `faker.providers.geo`.
2025-08-29 09:58:44,852 - DEBUG - Provider `faker.providers.geo` has been localized to `en_US`.
2025-08-29 09:58:44,853 - DEBUG - Looking for locale `en_US` in provider `faker.providers.internet`.
2025-08-29 09:58:44,856 - DEBUG - Provider `faker.providers.internet` has been localized to `en_US`.
2025-08-29 09:58:44,857 - DEBUG - Looking for locale `en_US` in provider `faker.providers.isbn`.
2025-08-29 09:58:44,858 - DEBUG - Provider `faker.providers.isbn` has been localized to `en_US`.
2025-08-29 09:58:44,859 - DEBUG - Looking for locale `en_US` in provider `faker.providers.job`.
2025-08-29 09:58:44,861 - DEBUG - Provider `faker.providers.job` has been localized to `en_US`.
2025-08-29 09:58:44,862 - DEBUG - Looking for locale `en_US` in provider `faker.providers.lorem`.
2025-08-29 09:58:44,865 - DEBUG - Provider `faker.providers.lorem` has been localized to `en_US`.
2025-08-29 09:58:44,865 - DEBUG - Looking for locale `en_US` in provider `faker.providers.misc`.
2025-08-29 09:58:44,866 - DEBUG - Provider `faker.providers.misc` has been localized to `en_US`.
2025-08-29 09:58:44,867 - DEBUG - Looking for locale `en_US` in provider `faker.providers.passport`.
2025-08-29 09:58:44,870 - DEBUG - Provider `faker.providers.passport` has been localized to `en_US`.
2025-08-29 09:58:44,872 - DEBUG - Looking for locale `en_US` in provider `faker.providers.person`.
2025-08-29 09:58:44,880 - DEBUG - Provider `faker.providers.person` has been localized to `en_US`.
2025-08-29 09:58:44,883 - DEBUG - Looking for locale `en_US` in provider `faker.providers.phone_number`.
2025-08-29 09:58:44,888 - DEBUG - Provider `faker.providers.phone_number` has been localized to `en_US`.
2025-08-29 09:58:44,889 - DEBUG - Provider `faker.providers.profile` does not feature localization. Specified locale `en_US` is not utilized for this provider.
2025-08-29 09:58:44,889 - DEBUG - Provider `faker.providers.python` does not feature localization. Specified locale `en_US` is not utilized for this provider.
2025-08-29 09:58:44,889 - DEBUG - Provider `faker.providers.sbn` does not feature localization. Specified locale `en_US` is not utilized for this provider.
2025-08-29 09:58:44,889 - DEBUG - Looking for locale `en_US` in provider `faker.providers.ssn`.
2025-08-29 09:58:44,893 - DEBUG - Provider `faker.providers.ssn` has been localized to `en_US`.
2025-08-29 09:58:44,894 - DEBUG - Provider `faker.providers.user_agent` does not feature localization. Specified locale `en_US` is not utilized for this provider.
2025-08-29 09:58:45,180 - INFO - MainWindow.__init__ started.
2025-08-29 09:58:45,242 - INFO - MainWindow.__init__ finished.
2025-08-29 09:58:48,166 - DEBUG - Starting new HTTPS connection (1): raw.githubusercontent.com:443
2025-08-29 09:58:49,331 - DEBUG - https://raw.githubusercontent.com:443 "GET /ProxyScraper/ProxyScraper/main/http.txt HTTP/1.1" 200 0
