2025-08-10 20:57:16,650 - INFO - Application starting...
2025-08-10 20:57:17,011 - DEBUG - Starting new HTTPS connection (1): api.telegra.ph:443
2025-08-10 20:57:17,426 - DEBUG - https://api.telegra.ph:443 "POST /createAccount/ HTTP/1.1" 200 249
2025-08-10 20:57:18,318 - DEBUG - Not in REPL -> leaving logger event level as is.
2025-08-10 20:57:18,321 - DEBUG - Looking for locale `en_US` in provider `faker.providers.address`.
2025-08-10 20:57:18,327 - DEBUG - Provider `faker.providers.address` has been localized to `en_US`.
2025-08-10 20:57:18,333 - DEBUG - Looking for locale `en_US` in provider `faker.providers.automotive`.
2025-08-10 20:57:18,339 - DEBUG - Provider `faker.providers.automotive` has been localized to `en_US`.
2025-08-10 20:57:18,340 - DEBUG - Looking for locale `en_US` in provider `faker.providers.bank`.
2025-08-10 20:57:18,349 - DEBUG - Specified locale `en_US` is not available for provider `faker.providers.bank`. Locale reset to `en_GB` for this provider.
2025-08-10 20:57:18,350 - DEBUG - Looking for locale `en_US` in provider `faker.providers.barcode`.
2025-08-10 20:57:18,351 - DEBUG - Provider `faker.providers.barcode` has been localized to `en_US`.
2025-08-10 20:57:18,353 - DEBUG - Looking for locale `en_US` in provider `faker.providers.color`.
2025-08-10 20:57:18,355 - DEBUG - Provider `faker.providers.color` has been localized to `en_US`.
2025-08-10 20:57:18,356 - DEBUG - Looking for locale `en_US` in provider `faker.providers.company`.
2025-08-10 20:57:18,361 - DEBUG - Provider `faker.providers.company` has been localized to `en_US`.
2025-08-10 20:57:18,363 - DEBUG - Looking for locale `en_US` in provider `faker.providers.credit_card`.
2025-08-10 20:57:18,364 - DEBUG - Provider `faker.providers.credit_card` has been localized to `en_US`.
2025-08-10 20:57:18,365 - DEBUG - Looking for locale `en_US` in provider `faker.providers.currency`.
2025-08-10 20:57:18,367 - DEBUG - Provider `faker.providers.currency` has been localized to `en_US`.
2025-08-10 20:57:18,368 - DEBUG - Looking for locale `en_US` in provider `faker.providers.date_time`.
2025-08-10 20:57:18,371 - DEBUG - Provider `faker.providers.date_time` has been localized to `en_US`.
2025-08-10 20:57:18,371 - DEBUG - Provider `faker.providers.doi` does not feature localization. Specified locale `en_US` is not utilized for this provider.
2025-08-10 20:57:18,372 - DEBUG - Provider `faker.providers.emoji` does not feature localization. Specified locale `en_US` is not utilized for this provider.
2025-08-10 20:57:18,372 - DEBUG - Provider `faker.providers.file` does not feature localization. Specified locale `en_US` is not utilized for this provider.
2025-08-10 20:57:18,372 - DEBUG - Looking for locale `en_US` in provider `faker.providers.geo`.
2025-08-10 20:57:18,373 - DEBUG - Provider `faker.providers.geo` has been localized to `en_US`.
2025-08-10 20:57:18,374 - DEBUG - Looking for locale `en_US` in provider `faker.providers.internet`.
2025-08-10 20:57:18,377 - DEBUG - Provider `faker.providers.internet` has been localized to `en_US`.
2025-08-10 20:57:18,378 - DEBUG - Looking for locale `en_US` in provider `faker.providers.isbn`.
2025-08-10 20:57:18,378 - DEBUG - Provider `faker.providers.isbn` has been localized to `en_US`.
2025-08-10 20:57:18,379 - DEBUG - Looking for locale `en_US` in provider `faker.providers.job`.
2025-08-10 20:57:18,382 - DEBUG - Provider `faker.providers.job` has been localized to `en_US`.
2025-08-10 20:57:18,383 - DEBUG - Looking for locale `en_US` in provider `faker.providers.lorem`.
2025-08-10 20:57:18,385 - DEBUG - Provider `faker.providers.lorem` has been localized to `en_US`.
2025-08-10 20:57:18,385 - DEBUG - Looking for locale `en_US` in provider `faker.providers.misc`.
2025-08-10 20:57:18,386 - DEBUG - Provider `faker.providers.misc` has been localized to `en_US`.
2025-08-10 20:57:18,387 - DEBUG - Looking for locale `en_US` in provider `faker.providers.passport`.
2025-08-10 20:57:18,387 - DEBUG - Provider `faker.providers.passport` has been localized to `en_US`.
2025-08-10 20:57:18,389 - DEBUG - Looking for locale `en_US` in provider `faker.providers.person`.
2025-08-10 20:57:18,394 - DEBUG - Provider `faker.providers.person` has been localized to `en_US`.
2025-08-10 20:57:18,396 - DEBUG - Looking for locale `en_US` in provider `faker.providers.phone_number`.
2025-08-10 20:57:18,400 - DEBUG - Provider `faker.providers.phone_number` has been localized to `en_US`.
2025-08-10 20:57:18,401 - DEBUG - Provider `faker.providers.profile` does not feature localization. Specified locale `en_US` is not utilized for this provider.
2025-08-10 20:57:18,401 - DEBUG - Provider `faker.providers.python` does not feature localization. Specified locale `en_US` is not utilized for this provider.
2025-08-10 20:57:18,401 - DEBUG - Provider `faker.providers.sbn` does not feature localization. Specified locale `en_US` is not utilized for this provider.
2025-08-10 20:57:18,402 - DEBUG - Looking for locale `en_US` in provider `faker.providers.ssn`.
2025-08-10 20:57:18,405 - DEBUG - Provider `faker.providers.ssn` has been localized to `en_US`.
2025-08-10 20:57:18,406 - DEBUG - Provider `faker.providers.user_agent` does not feature localization. Specified locale `en_US` is not utilized for this provider.
2025-08-10 20:57:18,457 - INFO - MainWindow.__init__ started.
2025-08-10 20:57:18,457 - INFO - Theme loaded.
2025-08-10 20:57:18,500 - INFO - Successfully loaded plugin: IP Info Checker
2025-08-10 20:57:18,504 - INFO - Categorized menu created.
2025-08-10 20:57:18,515 - INFO - Theme applied.
2025-08-10 20:57:18,519 - INFO - Loading initial background from config: C:\Users\ShShu\Downloads\anime-purple.mp4
2025-08-10 20:57:18,519 - INFO - Setting background to: C:\Users\ShShu\Downloads\anime-purple.mp4
2025-08-10 20:57:18,519 - DEBUG - Background type: Video
2025-08-10 20:57:18,520 - INFO - Video background set successfully.
2025-08-10 20:57:18,521 - INFO - MainWindow.__init__ finished.
2025-08-10 20:57:24,901 - DEBUG - UI visibility toggled to False.
2025-08-10 20:57:26,430 - DEBUG - UI visibility toggled to True.
