2025-10-31 18:36:31,447 - INFO - Application starting...
2025-10-31 18:36:31,883 - DEBUG - Starting new HTTPS connection (1): api.telegra.ph:443
2025-10-31 18:36:33,801 - DEBUG - https://api.telegra.ph:443 "POST /createAccount/ HTTP/1.1" 200 216
2025-10-31 18:36:34,963 - DEBUG - Not in REPL -> leaving logger event level as is.
2025-10-31 18:36:34,969 - DEBUG - Looking for locale `en_US` in provider `faker.providers.address`.
2025-10-31 18:36:34,975 - DEBUG - Provider `faker.providers.address` has been localized to `en_US`.
2025-10-31 18:36:34,977 - DEBUG - Looking for locale `en_US` in provider `faker.providers.automotive`.
2025-10-31 18:36:34,984 - DEBUG - Provider `faker.providers.automotive` has been localized to `en_US`.
2025-10-31 18:36:34,985 - DEBUG - Looking for locale `en_US` in provider `faker.providers.bank`.
2025-10-31 18:36:34,989 - DEBUG - Specified locale `en_US` is not available for provider `faker.providers.bank`. Locale reset to `en_GB` for this provider.
2025-10-31 18:36:34,990 - DEBUG - Looking for locale `en_US` in provider `faker.providers.barcode`.
2025-10-31 18:36:34,991 - DEBUG - Provider `faker.providers.barcode` has been localized to `en_US`.
2025-10-31 18:36:34,992 - DEBUG - Looking for locale `en_US` in provider `faker.providers.color`.
2025-10-31 18:36:34,995 - DEBUG - Provider `faker.providers.color` has been localized to `en_US`.
2025-10-31 18:36:34,996 - DEBUG - Looking for locale `en_US` in provider `faker.providers.company`.
2025-10-31 18:36:35,000 - DEBUG - Provider `faker.providers.company` has been localized to `en_US`.
2025-10-31 18:36:35,001 - DEBUG - Looking for locale `en_US` in provider `faker.providers.credit_card`.
2025-10-31 18:36:35,002 - DEBUG - Provider `faker.providers.credit_card` has been localized to `en_US`.
2025-10-31 18:36:35,003 - DEBUG - Looking for locale `en_US` in provider `faker.providers.currency`.
2025-10-31 18:36:35,006 - DEBUG - Provider `faker.providers.currency` has been localized to `en_US`.
2025-10-31 18:36:35,008 - DEBUG - Looking for locale `en_US` in provider `faker.providers.date_time`.
2025-10-31 18:36:35,012 - DEBUG - Provider `faker.providers.date_time` has been localized to `en_US`.
2025-10-31 18:36:35,013 - DEBUG - Provider `faker.providers.doi` does not feature localization. Specified locale `en_US` is not used for this provider.
2025-10-31 18:36:35,013 - DEBUG - Provider `faker.providers.emoji` does not feature localization. Specified locale `en_US` is not used for this provider.
2025-10-31 18:36:35,014 - DEBUG - Provider `faker.providers.file` does not feature localization. Specified locale `en_US` is not used for this provider.
2025-10-31 18:36:35,014 - DEBUG - Looking for locale `en_US` in provider `faker.providers.geo`.
2025-10-31 18:36:35,016 - DEBUG - Provider `faker.providers.geo` has been localized to `en_US`.
2025-10-31 18:36:35,017 - DEBUG - Looking for locale `en_US` in provider `faker.providers.internet`.
2025-10-31 18:36:35,020 - DEBUG - Provider `faker.providers.internet` has been localized to `en_US`.
2025-10-31 18:36:35,022 - DEBUG - Looking for locale `en_US` in provider `faker.providers.isbn`.
2025-10-31 18:36:35,022 - DEBUG - Provider `faker.providers.isbn` has been localized to `en_US`.
2025-10-31 18:36:35,023 - DEBUG - Looking for locale `en_US` in provider `faker.providers.job`.
2025-10-31 18:36:35,026 - DEBUG - Provider `faker.providers.job` has been localized to `en_US`.
2025-10-31 18:36:35,028 - DEBUG - Looking for locale `en_US` in provider `faker.providers.lorem`.
2025-10-31 18:36:35,030 - DEBUG - Provider `faker.providers.lorem` has been localized to `en_US`.
2025-10-31 18:36:35,031 - DEBUG - Looking for locale `en_US` in provider `faker.providers.misc`.
2025-10-31 18:36:35,031 - DEBUG - Provider `faker.providers.misc` has been localized to `en_US`.
2025-10-31 18:36:35,032 - DEBUG - Looking for locale `en_US` in provider `faker.providers.passport`.
2025-10-31 18:36:35,033 - DEBUG - Provider `faker.providers.passport` has been localized to `en_US`.
2025-10-31 18:36:35,033 - DEBUG - Looking for locale `en_US` in provider `faker.providers.person`.
2025-10-31 18:36:35,040 - DEBUG - Provider `faker.providers.person` has been localized to `en_US`.
2025-10-31 18:36:35,043 - DEBUG - Looking for locale `en_US` in provider `faker.providers.phone_number`.
2025-10-31 18:36:35,048 - DEBUG - Provider `faker.providers.phone_number` has been localized to `en_US`.
2025-10-31 18:36:35,050 - DEBUG - Provider `faker.providers.profile` does not feature localization. Specified locale `en_US` is not used for this provider.
2025-10-31 18:36:35,050 - DEBUG - Provider `faker.providers.python` does not feature localization. Specified locale `en_US` is not used for this provider.
2025-10-31 18:36:35,050 - DEBUG - Provider `faker.providers.sbn` does not feature localization. Specified locale `en_US` is not used for this provider.
2025-10-31 18:36:35,050 - DEBUG - Looking for locale `en_US` in provider `faker.providers.ssn`.
2025-10-31 18:36:35,054 - DEBUG - Provider `faker.providers.ssn` has been localized to `en_US`.
2025-10-31 18:36:35,054 - DEBUG - Provider `faker.providers.user_agent` does not feature localization. Specified locale `en_US` is not used for this provider.
2025-10-31 18:36:35,578 - INFO - MainWindow.__init__ started.
2025-10-31 18:36:35,672 - INFO - MainWindow.__init__ finished.
