2025-08-29 13:26:16,431 - INFO - Application starting...
2025-08-29 13:26:16,852 - DEBUG - Starting new HTTPS connection (1): api.telegra.ph:443
2025-08-29 13:26:17,132 - DEBUG - https://api.telegra.ph:443 "POST /createAccount/ HTTP/1.1" 200 214
2025-08-29 13:26:18,306 - DEBUG - Not in REPL -> leaving logger event level as is.
2025-08-29 13:26:18,314 - DEBUG - Looking for locale `en_US` in provider `faker.providers.address`.
2025-08-29 13:26:18,319 - DEBUG - Provider `faker.providers.address` has been localized to `en_US`.
2025-08-29 13:26:18,321 - DEBUG - Looking for locale `en_US` in provider `faker.providers.automotive`.
2025-08-29 13:26:18,325 - DEBUG - Provider `faker.providers.automotive` has been localized to `en_US`.
2025-08-29 13:26:18,327 - DEBUG - Looking for locale `en_US` in provider `faker.providers.bank`.
2025-08-29 13:26:18,329 - DEBUG - Specified locale `en_US` is not available for provider `faker.providers.bank`. Locale reset to `en_GB` for this provider.
2025-08-29 13:26:18,332 - DEBUG - Looking for locale `en_US` in provider `faker.providers.barcode`.
2025-08-29 13:26:18,333 - DEBUG - Provider `faker.providers.barcode` has been localized to `en_US`.
2025-08-29 13:26:18,335 - DEBUG - Looking for locale `en_US` in provider `faker.providers.color`.
2025-08-29 13:26:18,338 - DEBUG - Provider `faker.providers.color` has been localized to `en_US`.
2025-08-29 13:26:18,339 - DEBUG - Looking for locale `en_US` in provider `faker.providers.company`.
2025-08-29 13:26:18,342 - DEBUG - Provider `faker.providers.company` has been localized to `en_US`.
2025-08-29 13:26:18,343 - DEBUG - Looking for locale `en_US` in provider `faker.providers.credit_card`.
2025-08-29 13:26:18,343 - DEBUG - Provider `faker.providers.credit_card` has been localized to `en_US`.
2025-08-29 13:26:18,345 - DEBUG - Looking for locale `en_US` in provider `faker.providers.currency`.
2025-08-29 13:26:18,348 - DEBUG - Provider `faker.providers.currency` has been localized to `en_US`.
2025-08-29 13:26:18,349 - DEBUG - Looking for locale `en_US` in provider `faker.providers.date_time`.
2025-08-29 13:26:18,353 - DEBUG - Provider `faker.providers.date_time` has been localized to `en_US`.
2025-08-29 13:26:18,355 - DEBUG - Provider `faker.providers.doi` does not feature localization. Specified locale `en_US` is not utilized for this provider.
2025-08-29 13:26:18,355 - DEBUG - Provider `faker.providers.emoji` does not feature localization. Specified locale `en_US` is not utilized for this provider.
2025-08-29 13:26:18,355 - DEBUG - Provider `faker.providers.file` does not feature localization. Specified locale `en_US` is not utilized for this provider.
2025-08-29 13:26:18,355 - DEBUG - Looking for locale `en_US` in provider `faker.providers.geo`.
2025-08-29 13:26:18,356 - DEBUG - Provider `faker.providers.geo` has been localized to `en_US`.
2025-08-29 13:26:18,357 - DEBUG - Looking for locale `en_US` in provider `faker.providers.internet`.
2025-08-29 13:26:18,361 - DEBUG - Provider `faker.providers.internet` has been localized to `en_US`.
2025-08-29 13:26:18,362 - DEBUG - Looking for locale `en_US` in provider `faker.providers.isbn`.
2025-08-29 13:26:18,362 - DEBUG - Provider `faker.providers.isbn` has been localized to `en_US`.
2025-08-29 13:26:18,364 - DEBUG - Looking for locale `en_US` in provider `faker.providers.job`.
2025-08-29 13:26:18,367 - DEBUG - Provider `faker.providers.job` has been localized to `en_US`.
2025-08-29 13:26:18,369 - DEBUG - Looking for locale `en_US` in provider `faker.providers.lorem`.
2025-08-29 13:26:18,371 - DEBUG - Provider `faker.providers.lorem` has been localized to `en_US`.
2025-08-29 13:26:18,371 - DEBUG - Looking for locale `en_US` in provider `faker.providers.misc`.
2025-08-29 13:26:18,372 - DEBUG - Provider `faker.providers.misc` has been localized to `en_US`.
2025-08-29 13:26:18,374 - DEBUG - Looking for locale `en_US` in provider `faker.providers.passport`.
2025-08-29 13:26:18,374 - DEBUG - Provider `faker.providers.passport` has been localized to `en_US`.
2025-08-29 13:26:18,376 - DEBUG - Looking for locale `en_US` in provider `faker.providers.person`.
2025-08-29 13:26:18,383 - DEBUG - Provider `faker.providers.person` has been localized to `en_US`.
2025-08-29 13:26:18,385 - DEBUG - Looking for locale `en_US` in provider `faker.providers.phone_number`.
2025-08-29 13:26:18,390 - DEBUG - Provider `faker.providers.phone_number` has been localized to `en_US`.
2025-08-29 13:26:18,391 - DEBUG - Provider `faker.providers.profile` does not feature localization. Specified locale `en_US` is not utilized for this provider.
2025-08-29 13:26:18,392 - DEBUG - Provider `faker.providers.python` does not feature localization. Specified locale `en_US` is not utilized for this provider.
2025-08-29 13:26:18,392 - DEBUG - Provider `faker.providers.sbn` does not feature localization. Specified locale `en_US` is not utilized for this provider.
2025-08-29 13:26:18,392 - DEBUG - Looking for locale `en_US` in provider `faker.providers.ssn`.
2025-08-29 13:26:18,397 - DEBUG - Provider `faker.providers.ssn` has been localized to `en_US`.
2025-08-29 13:26:18,399 - DEBUG - Provider `faker.providers.user_agent` does not feature localization. Specified locale `en_US` is not utilized for this provider.
2025-08-29 13:26:18,741 - INFO - MainWindow.__init__ started.
2025-08-29 13:26:18,817 - INFO - MainWindow.__init__ finished.
2025-08-29 13:26:27,155 - DEBUG - Starting new HTTPS connection (1): api.proxynova.com:443
2025-08-29 13:26:28,248 - DEBUG - https://api.proxynova.com:443 "GET /comb?query=79200069145&start=0&limit=100 HTTP/1.1" 200 None
2025-08-29 13:26:28,252 - DEBUG - Starting new HTTPS connection (1): api.usersbox.ru:443
2025-08-29 13:26:28,451 - DEBUG - https://api.usersbox.ru:443 "GET /v1/explain?q=%2B79200069145 HTTP/1.1" 401 None
2025-08-29 13:26:28,458 - DEBUG - Starting new HTTPS connection (1): find.vk.com:443
2025-08-29 13:26:28,605 - DEBUG - https://find.vk.com:443 "GET /phone/+79200069145 HTTP/1.1" 301 0
2025-08-29 13:26:28,608 - DEBUG - Starting new HTTPS connection (1): vk.com:443
2025-08-29 13:26:28,751 - DEBUG - https://vk.com:443 "GET /phone/+79200069145 HTTP/1.1" 404 None
2025-08-29 13:26:28,754 - DEBUG - Starting new HTTPS connection (1): www.avito.ru:443
2025-08-29 13:26:29,205 - DEBUG - https://www.avito.ru:443 "HEAD /rossiya/telefony?q=+79200069145 HTTP/1.1" 301 0
2025-08-29 13:26:29,210 - DEBUG - Starting new HTTPS connection (1): www.google.com:443
2025-08-29 13:26:29,398 - DEBUG - https://www.google.com:443 "GET /search?q=%22+79200069145%22 HTTP/1.1" 200 None
