2025-10-31 10:43:45,146 - INFO - Application starting...
2025-10-31 10:43:45,530 - DEBUG - Starting new HTTPS connection (1): api.telegra.ph:443
2025-10-31 10:43:47,782 - DEBUG - https://api.telegra.ph:443 "POST /createAccount/ HTTP/1.1" 200 214
2025-10-31 10:43:48,814 - DEBUG - Not in REPL -> leaving logger event level as is.
2025-10-31 10:43:48,818 - DEBUG - Looking for locale `en_US` in provider `faker.providers.address`.
2025-10-31 10:43:48,824 - DEBUG - Provider `faker.providers.address` has been localized to `en_US`.
2025-10-31 10:43:48,825 - DEBUG - Looking for locale `en_US` in provider `faker.providers.automotive`.
2025-10-31 10:43:48,832 - DEBUG - Provider `faker.providers.automotive` has been localized to `en_US`.
2025-10-31 10:43:48,833 - DEBUG - Looking for locale `en_US` in provider `faker.providers.bank`.
2025-10-31 10:43:48,836 - DEBUG - Specified locale `en_US` is not available for provider `faker.providers.bank`. Locale reset to `en_GB` for this provider.
2025-10-31 10:43:48,837 - DEBUG - Looking for locale `en_US` in provider `faker.providers.barcode`.
2025-10-31 10:43:48,839 - DEBUG - Provider `faker.providers.barcode` has been localized to `en_US`.
2025-10-31 10:43:48,840 - DEBUG - Looking for locale `en_US` in provider `faker.providers.color`.
2025-10-31 10:43:48,843 - DEBUG - Provider `faker.providers.color` has been localized to `en_US`.
2025-10-31 10:43:48,844 - DEBUG - Looking for locale `en_US` in provider `faker.providers.company`.
2025-10-31 10:43:48,847 - DEBUG - Provider `faker.providers.company` has been localized to `en_US`.
2025-10-31 10:43:48,848 - DEBUG - Looking for locale `en_US` in provider `faker.providers.credit_card`.
2025-10-31 10:43:48,850 - DEBUG - Provider `faker.providers.credit_card` has been localized to `en_US`.
2025-10-31 10:43:48,851 - DEBUG - Looking for locale `en_US` in provider `faker.providers.currency`.
2025-10-31 10:43:48,854 - DEBUG - Provider `faker.providers.currency` has been localized to `en_US`.
2025-10-31 10:43:48,855 - DEBUG - Looking for locale `en_US` in provider `faker.providers.date_time`.
2025-10-31 10:43:48,859 - DEBUG - Provider `faker.providers.date_time` has been localized to `en_US`.
2025-10-31 10:43:48,861 - DEBUG - Provider `faker.providers.doi` does not feature localization. Specified locale `en_US` is not used for this provider.
2025-10-31 10:43:48,861 - DEBUG - Provider `faker.providers.emoji` does not feature localization. Specified locale `en_US` is not used for this provider.
2025-10-31 10:43:48,861 - DEBUG - Provider `faker.providers.file` does not feature localization. Specified locale `en_US` is not used for this provider.
2025-10-31 10:43:48,861 - DEBUG - Looking for locale `en_US` in provider `faker.providers.geo`.
2025-10-31 10:43:48,862 - DEBUG - Provider `faker.providers.geo` has been localized to `en_US`.
2025-10-31 10:43:48,864 - DEBUG - Looking for locale `en_US` in provider `faker.providers.internet`.
2025-10-31 10:43:48,867 - DEBUG - Provider `faker.providers.internet` has been localized to `en_US`.
2025-10-31 10:43:48,868 - DEBUG - Looking for locale `en_US` in provider `faker.providers.isbn`.
2025-10-31 10:43:48,868 - DEBUG - Provider `faker.providers.isbn` has been localized to `en_US`.
2025-10-31 10:43:48,869 - DEBUG - Looking for locale `en_US` in provider `faker.providers.job`.
2025-10-31 10:43:48,873 - DEBUG - Provider `faker.providers.job` has been localized to `en_US`.
2025-10-31 10:43:48,874 - DEBUG - Looking for locale `en_US` in provider `faker.providers.lorem`.
2025-10-31 10:43:48,876 - DEBUG - Provider `faker.providers.lorem` has been localized to `en_US`.
2025-10-31 10:43:48,877 - DEBUG - Looking for locale `en_US` in provider `faker.providers.misc`.
2025-10-31 10:43:48,878 - DEBUG - Provider `faker.providers.misc` has been localized to `en_US`.
2025-10-31 10:43:48,879 - DEBUG - Looking for locale `en_US` in provider `faker.providers.passport`.
2025-10-31 10:43:48,880 - DEBUG - Provider `faker.providers.passport` has been localized to `en_US`.
2025-10-31 10:43:48,881 - DEBUG - Looking for locale `en_US` in provider `faker.providers.person`.
2025-10-31 10:43:48,887 - DEBUG - Provider `faker.providers.person` has been localized to `en_US`.
2025-10-31 10:43:48,889 - DEBUG - Looking for locale `en_US` in provider `faker.providers.phone_number`.
2025-10-31 10:43:48,895 - DEBUG - Provider `faker.providers.phone_number` has been localized to `en_US`.
2025-10-31 10:43:48,895 - DEBUG - Provider `faker.providers.profile` does not feature localization. Specified locale `en_US` is not used for this provider.
2025-10-31 10:43:48,896 - DEBUG - Provider `faker.providers.python` does not feature localization. Specified locale `en_US` is not used for this provider.
2025-10-31 10:43:48,896 - DEBUG - Provider `faker.providers.sbn` does not feature localization. Specified locale `en_US` is not used for this provider.
2025-10-31 10:43:48,896 - DEBUG - Looking for locale `en_US` in provider `faker.providers.ssn`.
2025-10-31 10:43:48,900 - DEBUG - Provider `faker.providers.ssn` has been localized to `en_US`.
2025-10-31 10:43:48,901 - DEBUG - Provider `faker.providers.user_agent` does not feature localization. Specified locale `en_US` is not used for this provider.
2025-10-31 10:43:49,348 - INFO - MainWindow.__init__ started.
2025-10-31 10:43:49,422 - INFO - MainWindow.__init__ finished.
2025-10-31 10:44:06,456 - DEBUG - Starting new HTTPS connection (1): raw.githubusercontent.com:443
2025-10-31 10:44:08,980 - DEBUG - https://raw.githubusercontent.com:443 "GET /ProxyScraper/ProxyScraper/main/http.txt HTTP/1.1" 200 183052
2025-10-31 10:45:00,182 - DEBUG - Starting new HTTPS connection (1): www.1secmail.com:443
2025-10-31 10:45:03,765 - DEBUG - https://www.1secmail.com:443 "GET /api/v1/?action=getDomainList HTTP/1.1" 403 None
2025-10-31 10:45:03,766 - DEBUG - Starting new HTTPS connection (1): www.1secmail.com:443
2025-10-31 10:45:06,071 - DEBUG - https://www.1secmail.com:443 "GET /api/v1/?action=getMessages&login=hitler&domain=1secmail.net HTTP/1.1" 403 None
2025-10-31 10:45:11,073 - DEBUG - Starting new HTTPS connection (1): www.1secmail.com:443
2025-10-31 10:45:12,982 - DEBUG - https://www.1secmail.com:443 "GET /api/v1/?action=getMessages&login=hitler&domain=1secmail.net HTTP/1.1" 403 None
2025-10-31 10:45:17,984 - DEBUG - Starting new HTTPS connection (1): www.1secmail.com:443
2025-10-31 10:45:21,173 - DEBUG - https://www.1secmail.com:443 "GET /api/v1/?action=getMessages&login=hitler&domain=1secmail.net HTTP/1.1" 403 None
2025-10-31 10:45:26,175 - DEBUG - Starting new HTTPS connection (1): www.1secmail.com:443
2025-10-31 10:45:29,160 - DEBUG - https://www.1secmail.com:443 "GET /api/v1/?action=getMessages&login=hitler&domain=1secmail.net HTTP/1.1" 403 None
2025-10-31 10:45:34,163 - DEBUG - Starting new HTTPS connection (1): www.1secmail.com:443
2025-10-31 10:45:37,353 - DEBUG - https://www.1secmail.com:443 "GET /api/v1/?action=getMessages&login=hitler&domain=1secmail.net HTTP/1.1" 403 None
2025-10-31 10:45:42,356 - DEBUG - Starting new HTTPS connection (1): www.1secmail.com:443
2025-10-31 10:45:48,604 - DEBUG - https://www.1secmail.com:443 "GET /api/v1/?action=getMessages&login=hitler&domain=1secmail.net HTTP/1.1" 403 None
2025-10-31 10:45:53,606 - DEBUG - Starting new HTTPS connection (1): www.1secmail.com:443
2025-10-31 10:45:55,914 - DEBUG - https://www.1secmail.com:443 "GET /api/v1/?action=getMessages&login=hitler&domain=1secmail.net HTTP/1.1" 403 None
2025-10-31 10:46:00,916 - DEBUG - Starting new HTTPS connection (1): www.1secmail.com:443
2025-10-31 10:46:02,852 - DEBUG - https://www.1secmail.com:443 "GET /api/v1/?action=getMessages&login=hitler&domain=1secmail.net HTTP/1.1" 403 None
2025-10-31 10:46:07,854 - DEBUG - Starting new HTTPS connection (1): www.1secmail.com:443
2025-10-31 10:46:10,019 - DEBUG - https://www.1secmail.com:443 "GET /api/v1/?action=getMessages&login=hitler&domain=1secmail.net HTTP/1.1" 403 None
2025-10-31 10:46:15,021 - DEBUG - Starting new HTTPS connection (1): www.1secmail.com:443
