2025-11-03 12:53:19,279 - INFO - Application starting...
2025-11-03 12:53:19,726 - DEBUG - Starting new HTTPS connection (1): api.telegra.ph:443
2025-11-03 12:53:21,629 - DEBUG - https://api.telegra.ph:443 "POST /createAccount/ HTTP/1.1" 200 214
2025-11-03 12:53:22,915 - DEBUG - Not in REPL -> leaving logger event level as is.
2025-11-03 12:53:22,921 - DEBUG - Looking for locale `en_US` in provider `faker.providers.address`.
2025-11-03 12:53:22,925 - DEBUG - Provider `faker.providers.address` has been localized to `en_US`.
2025-11-03 12:53:22,928 - DEBUG - Looking for locale `en_US` in provider `faker.providers.automotive`.
2025-11-03 12:53:22,935 - DEBUG - Provider `faker.providers.automotive` has been localized to `en_US`.
2025-11-03 12:53:22,936 - DEBUG - Looking for locale `en_US` in provider `faker.providers.bank`.
2025-11-03 12:53:22,938 - DEBUG - Specified locale `en_US` is not available for provider `faker.providers.bank`. Locale reset to `en_GB` for this provider.
2025-11-03 12:53:22,939 - DEBUG - Looking for locale `en_US` in provider `faker.providers.barcode`.
2025-11-03 12:53:22,940 - DEBUG - Provider `faker.providers.barcode` has been localized to `en_US`.
2025-11-03 12:53:22,942 - DEBUG - Looking for locale `en_US` in provider `faker.providers.color`.
2025-11-03 12:53:22,945 - DEBUG - Provider `faker.providers.color` has been localized to `en_US`.
2025-11-03 12:53:22,946 - DEBUG - Looking for locale `en_US` in provider `faker.providers.company`.
2025-11-03 12:53:22,950 - DEBUG - Provider `faker.providers.company` has been localized to `en_US`.
2025-11-03 12:53:22,951 - DEBUG - Looking for locale `en_US` in provider `faker.providers.credit_card`.
2025-11-03 12:53:22,952 - DEBUG - Provider `faker.providers.credit_card` has been localized to `en_US`.
2025-11-03 12:53:22,954 - DEBUG - Looking for locale `en_US` in provider `faker.providers.currency`.
2025-11-03 12:53:22,957 - DEBUG - Provider `faker.providers.currency` has been localized to `en_US`.
2025-11-03 12:53:22,958 - DEBUG - Looking for locale `en_US` in provider `faker.providers.date_time`.
2025-11-03 12:53:22,962 - DEBUG - Provider `faker.providers.date_time` has been localized to `en_US`.
2025-11-03 12:53:22,963 - DEBUG - Provider `faker.providers.doi` does not feature localization. Specified locale `en_US` is not used for this provider.
2025-11-03 12:53:22,963 - DEBUG - Provider `faker.providers.emoji` does not feature localization. Specified locale `en_US` is not used for this provider.
2025-11-03 12:53:22,964 - DEBUG - Provider `faker.providers.file` does not feature localization. Specified locale `en_US` is not used for this provider.
2025-11-03 12:53:22,964 - DEBUG - Looking for locale `en_US` in provider `faker.providers.geo`.
2025-11-03 12:53:22,965 - DEBUG - Provider `faker.providers.geo` has been localized to `en_US`.
2025-11-03 12:53:22,966 - DEBUG - Looking for locale `en_US` in provider `faker.providers.internet`.
2025-11-03 12:53:22,970 - DEBUG - Provider `faker.providers.internet` has been localized to `en_US`.
2025-11-03 12:53:22,971 - DEBUG - Looking for locale `en_US` in provider `faker.providers.isbn`.
2025-11-03 12:53:22,972 - DEBUG - Provider `faker.providers.isbn` has been localized to `en_US`.
2025-11-03 12:53:22,973 - DEBUG - Looking for locale `en_US` in provider `faker.providers.job`.
2025-11-03 12:53:22,976 - DEBUG - Provider `faker.providers.job` has been localized to `en_US`.
2025-11-03 12:53:22,978 - DEBUG - Looking for locale `en_US` in provider `faker.providers.lorem`.
2025-11-03 12:53:22,980 - DEBUG - Provider `faker.providers.lorem` has been localized to `en_US`.
2025-11-03 12:53:22,980 - DEBUG - Looking for locale `en_US` in provider `faker.providers.misc`.
2025-11-03 12:53:22,981 - DEBUG - Provider `faker.providers.misc` has been localized to `en_US`.
2025-11-03 12:53:22,983 - DEBUG - Looking for locale `en_US` in provider `faker.providers.passport`.
2025-11-03 12:53:22,984 - DEBUG - Provider `faker.providers.passport` has been localized to `en_US`.
2025-11-03 12:53:22,985 - DEBUG - Looking for locale `en_US` in provider `faker.providers.person`.
2025-11-03 12:53:22,991 - DEBUG - Provider `faker.providers.person` has been localized to `en_US`.
2025-11-03 12:53:22,993 - DEBUG - Looking for locale `en_US` in provider `faker.providers.phone_number`.
2025-11-03 12:53:23,000 - DEBUG - Provider `faker.providers.phone_number` has been localized to `en_US`.
2025-11-03 12:53:23,001 - DEBUG - Provider `faker.providers.profile` does not feature localization. Specified locale `en_US` is not used for this provider.
2025-11-03 12:53:23,001 - DEBUG - Provider `faker.providers.python` does not feature localization. Specified locale `en_US` is not used for this provider.
2025-11-03 12:53:23,001 - DEBUG - Provider `faker.providers.sbn` does not feature localization. Specified locale `en_US` is not used for this provider.
2025-11-03 12:53:23,002 - DEBUG - Looking for locale `en_US` in provider `faker.providers.ssn`.
2025-11-03 12:53:23,006 - DEBUG - Provider `faker.providers.ssn` has been localized to `en_US`.
2025-11-03 12:53:23,007 - DEBUG - Provider `faker.providers.user_agent` does not feature localization. Specified locale `en_US` is not used for this provider.
