2025-08-29 10:13:06,031 - INFO - Application starting...
2025-08-29 10:13:06,383 - DEBUG - Starting new HTTPS connection (1): api.telegra.ph:443
2025-08-29 10:13:07,200 - DEBUG - https://api.telegra.ph:443 "POST /createAccount/ HTTP/1.1" 200 213
2025-08-29 10:13:08,089 - DEBUG - Not in REPL -> leaving logger event level as is.
2025-08-29 10:13:08,093 - DEBUG - Looking for locale `en_US` in provider `faker.providers.address`.
2025-08-29 10:13:08,097 - DEBUG - Provider `faker.providers.address` has been localized to `en_US`.
2025-08-29 10:13:08,098 - DEBUG - Looking for locale `en_US` in provider `faker.providers.automotive`.
2025-08-29 10:13:08,104 - DEBUG - Provider `faker.providers.automotive` has been localized to `en_US`.
2025-08-29 10:13:08,106 - DEBUG - Looking for locale `en_US` in provider `faker.providers.bank`.
2025-08-29 10:13:08,108 - DEBUG - Specified locale `en_US` is not available for provider `faker.providers.bank`. Locale reset to `en_GB` for this provider.
2025-08-29 10:13:08,109 - DEBUG - Looking for locale `en_US` in provider `faker.providers.barcode`.
2025-08-29 10:13:08,110 - DEBUG - Provider `faker.providers.barcode` has been localized to `en_US`.
2025-08-29 10:13:08,111 - DEBUG - Looking for locale `en_US` in provider `faker.providers.color`.
2025-08-29 10:13:08,113 - DEBUG - Provider `faker.providers.color` has been localized to `en_US`.
2025-08-29 10:13:08,113 - DEBUG - Looking for locale `en_US` in provider `faker.providers.company`.
2025-08-29 10:13:08,117 - DEBUG - Provider `faker.providers.company` has been localized to `en_US`.
2025-08-29 10:13:08,118 - DEBUG - Looking for locale `en_US` in provider `faker.providers.credit_card`.
2025-08-29 10:13:08,119 - DEBUG - Provider `faker.providers.credit_card` has been localized to `en_US`.
2025-08-29 10:13:08,119 - DEBUG - Looking for locale `en_US` in provider `faker.providers.currency`.
2025-08-29 10:13:08,122 - DEBUG - Provider `faker.providers.currency` has been localized to `en_US`.
2025-08-29 10:13:08,123 - DEBUG - Looking for locale `en_US` in provider `faker.providers.date_time`.
2025-08-29 10:13:08,126 - DEBUG - Provider `faker.providers.date_time` has been localized to `en_US`.
2025-08-29 10:13:08,127 - DEBUG - Provider `faker.providers.doi` does not feature localization. Specified locale `en_US` is not utilized for this provider.
2025-08-29 10:13:08,127 - DEBUG - Provider `faker.providers.emoji` does not feature localization. Specified locale `en_US` is not utilized for this provider.
2025-08-29 10:13:08,127 - DEBUG - Provider `faker.providers.file` does not feature localization. Specified locale `en_US` is not utilized for this provider.
2025-08-29 10:13:08,128 - DEBUG - Looking for locale `en_US` in provider `faker.providers.geo`.
2025-08-29 10:13:08,129 - DEBUG - Provider `faker.providers.geo` has been localized to `en_US`.
2025-08-29 10:13:08,130 - DEBUG - Looking for locale `en_US` in provider `faker.providers.internet`.
2025-08-29 10:13:08,133 - DEBUG - Provider `faker.providers.internet` has been localized to `en_US`.
2025-08-29 10:13:08,134 - DEBUG - Looking for locale `en_US` in provider `faker.providers.isbn`.
2025-08-29 10:13:08,136 - DEBUG - Provider `faker.providers.isbn` has been localized to `en_US`.
2025-08-29 10:13:08,137 - DEBUG - Looking for locale `en_US` in provider `faker.providers.job`.
2025-08-29 10:13:08,140 - DEBUG - Provider `faker.providers.job` has been localized to `en_US`.
2025-08-29 10:13:08,140 - DEBUG - Looking for locale `en_US` in provider `faker.providers.lorem`.
2025-08-29 10:13:08,143 - DEBUG - Provider `faker.providers.lorem` has been localized to `en_US`.
2025-08-29 10:13:08,144 - DEBUG - Looking for locale `en_US` in provider `faker.providers.misc`.
2025-08-29 10:13:08,144 - DEBUG - Provider `faker.providers.misc` has been localized to `en_US`.
2025-08-29 10:13:08,145 - DEBUG - Looking for locale `en_US` in provider `faker.providers.passport`.
2025-08-29 10:13:08,146 - DEBUG - Provider `faker.providers.passport` has been localized to `en_US`.
2025-08-29 10:13:08,147 - DEBUG - Looking for locale `en_US` in provider `faker.providers.person`.
2025-08-29 10:13:08,152 - DEBUG - Provider `faker.providers.person` has been localized to `en_US`.
2025-08-29 10:13:08,155 - DEBUG - Looking for locale `en_US` in provider `faker.providers.phone_number`.
2025-08-29 10:13:08,160 - DEBUG - Provider `faker.providers.phone_number` has been localized to `en_US`.
2025-08-29 10:13:08,161 - DEBUG - Provider `faker.providers.profile` does not feature localization. Specified locale `en_US` is not utilized for this provider.
2025-08-29 10:13:08,161 - DEBUG - Provider `faker.providers.python` does not feature localization. Specified locale `en_US` is not utilized for this provider.
2025-08-29 10:13:08,162 - DEBUG - Provider `faker.providers.sbn` does not feature localization. Specified locale `en_US` is not utilized for this provider.
2025-08-29 10:13:08,162 - DEBUG - Looking for locale `en_US` in provider `faker.providers.ssn`.
2025-08-29 10:13:08,165 - DEBUG - Provider `faker.providers.ssn` has been localized to `en_US`.
2025-08-29 10:13:08,167 - DEBUG - Provider `faker.providers.user_agent` does not feature localization. Specified locale `en_US` is not utilized for this provider.
2025-08-29 10:13:08,444 - INFO - MainWindow.__init__ started.
2025-08-29 10:13:08,508 - INFO - MainWindow.__init__ finished.
2025-08-29 10:13:14,230 - DEBUG - Starting new HTTP connection (1): ipwho.is:80
2025-08-29 10:13:15,411 - DEBUG - http://ipwho.is:80 "GET /1.1.1.1 HTTP/1.1" 200 None
