2025-11-03 19:05:54,432 - INFO - Application starting...
2025-11-03 19:05:55,273 - DEBUG - Starting new HTTPS connection (1): api.telegra.ph:443
2025-11-03 19:05:56,987 - DEBUG - https://api.telegra.ph:443 "POST /createAccount/ HTTP/1.1" 200 217
2025-11-03 19:06:01,279 - DEBUG - Not in REPL -> leaving logger event level as is.
2025-11-03 19:06:01,294 - DEBUG - Looking for locale `en_US` in provider `faker.providers.address`.
2025-11-03 19:06:01,336 - DEBUG - Provider `faker.providers.address` has been localized to `en_US`.
2025-11-03 19:06:01,340 - DEBUG - Looking for locale `en_US` in provider `faker.providers.automotive`.
2025-11-03 19:06:01,370 - DEBUG - Provider `faker.providers.automotive` has been localized to `en_US`.
2025-11-03 19:06:01,379 - DEBUG - Looking for locale `en_US` in provider `faker.providers.bank`.
2025-11-03 19:06:01,405 - DEBUG - Specified locale `en_US` is not available for provider `faker.providers.bank`. Locale reset to `en_GB` for this provider.
2025-11-03 19:06:01,407 - DEBUG - Looking for locale `en_US` in provider `faker.providers.barcode`.
2025-11-03 19:06:01,414 - DEBUG - Provider `faker.providers.barcode` has been localized to `en_US`.
2025-11-03 19:06:01,419 - DEBUG - Looking for locale `en_US` in provider `faker.providers.color`.
2025-11-03 19:06:01,428 - DEBUG - Provider `faker.providers.color` has been localized to `en_US`.
2025-11-03 19:06:01,431 - DEBUG - Looking for locale `en_US` in provider `faker.providers.company`.
2025-11-03 19:06:01,441 - DEBUG - Provider `faker.providers.company` has been localized to `en_US`.
2025-11-03 19:06:01,442 - DEBUG - Looking for locale `en_US` in provider `faker.providers.credit_card`.
2025-11-03 19:06:01,444 - DEBUG - Provider `faker.providers.credit_card` has been localized to `en_US`.
2025-11-03 19:06:01,446 - DEBUG - Looking for locale `en_US` in provider `faker.providers.currency`.
2025-11-03 19:06:01,450 - DEBUG - Provider `faker.providers.currency` has been localized to `en_US`.
2025-11-03 19:06:01,452 - DEBUG - Looking for locale `en_US` in provider `faker.providers.date_time`.
2025-11-03 19:06:01,461 - DEBUG - Provider `faker.providers.date_time` has been localized to `en_US`.
2025-11-03 19:06:01,462 - DEBUG - Provider `faker.providers.doi` does not feature localization. Specified locale `en_US` is not used for this provider.
2025-11-03 19:06:01,462 - DEBUG - Provider `faker.providers.emoji` does not feature localization. Specified locale `en_US` is not used for this provider.
2025-11-03 19:06:01,463 - DEBUG - Provider `faker.providers.file` does not feature localization. Specified locale `en_US` is not used for this provider.
2025-11-03 19:06:01,464 - DEBUG - Looking for locale `en_US` in provider `faker.providers.geo`.
2025-11-03 19:06:01,468 - DEBUG - Provider `faker.providers.geo` has been localized to `en_US`.
2025-11-03 19:06:01,469 - DEBUG - Looking for locale `en_US` in provider `faker.providers.internet`.
2025-11-03 19:06:01,477 - DEBUG - Provider `faker.providers.internet` has been localized to `en_US`.
2025-11-03 19:06:01,480 - DEBUG - Looking for locale `en_US` in provider `faker.providers.isbn`.
2025-11-03 19:06:01,481 - DEBUG - Provider `faker.providers.isbn` has been localized to `en_US`.
2025-11-03 19:06:01,482 - DEBUG - Looking for locale `en_US` in provider `faker.providers.job`.
2025-11-03 19:06:01,488 - DEBUG - Provider `faker.providers.job` has been localized to `en_US`.
2025-11-03 19:06:01,490 - DEBUG - Looking for locale `en_US` in provider `faker.providers.lorem`.
2025-11-03 19:06:01,528 - DEBUG - Provider `faker.providers.lorem` has been localized to `en_US`.
2025-11-03 19:06:01,529 - DEBUG - Looking for locale `en_US` in provider `faker.providers.misc`.
2025-11-03 19:06:01,531 - DEBUG - Provider `faker.providers.misc` has been localized to `en_US`.
2025-11-03 19:06:01,536 - DEBUG - Looking for locale `en_US` in provider `faker.providers.passport`.
2025-11-03 19:06:01,538 - DEBUG - Provider `faker.providers.passport` has been localized to `en_US`.
2025-11-03 19:06:01,539 - DEBUG - Looking for locale `en_US` in provider `faker.providers.person`.
2025-11-03 19:06:01,554 - DEBUG - Provider `faker.providers.person` has been localized to `en_US`.
2025-11-03 19:06:01,558 - DEBUG - Looking for locale `en_US` in provider `faker.providers.phone_number`.
2025-11-03 19:06:01,567 - DEBUG - Provider `faker.providers.phone_number` has been localized to `en_US`.
2025-11-03 19:06:01,570 - DEBUG - Provider `faker.providers.profile` does not feature localization. Specified locale `en_US` is not used for this provider.
2025-11-03 19:06:01,570 - DEBUG - Provider `faker.providers.python` does not feature localization. Specified locale `en_US` is not used for this provider.
2025-11-03 19:06:01,570 - DEBUG - Provider `faker.providers.sbn` does not feature localization. Specified locale `en_US` is not used for this provider.
2025-11-03 19:06:01,571 - DEBUG - Looking for locale `en_US` in provider `faker.providers.ssn`.
2025-11-03 19:06:01,576 - DEBUG - Provider `faker.providers.ssn` has been localized to `en_US`.
2025-11-03 19:06:01,578 - DEBUG - Provider `faker.providers.user_agent` does not feature localization. Specified locale `en_US` is not used for this provider.
