2025-08-28 19:44:50,715 - INFO - Application starting...
2025-08-28 19:44:51,759 - DEBUG - Starting new HTTPS connection (1): api.telegra.ph:443
2025-08-28 19:44:52,367 - DEBUG - https://api.telegra.ph:443 "POST /createAccount/ HTTP/1.1" 200 216
2025-08-28 19:44:56,068 - DEBUG - Not in REPL -> leaving logger event level as is.
2025-08-28 19:44:56,098 - DEBUG - Looking for locale `en_US` in provider `faker.providers.address`.
2025-08-28 19:44:56,102 - DEBUG - Provider `faker.providers.address` has been localized to `en_US`.
2025-08-28 19:44:56,111 - DEBUG - Looking for locale `en_US` in provider `faker.providers.automotive`.
2025-08-28 19:44:56,115 - DEBUG - Provider `faker.providers.automotive` has been localized to `en_US`.
2025-08-28 19:44:56,120 - DEBUG - Looking for locale `en_US` in provider `faker.providers.bank`.
2025-08-28 19:44:56,123 - DEBUG - Specified locale `en_US` is not available for provider `faker.providers.bank`. Locale reset to `en_GB` for this provider.
2025-08-28 19:44:56,127 - DEBUG - Looking for locale `en_US` in provider `faker.providers.barcode`.
2025-08-28 19:44:56,128 - DEBUG - Provider `faker.providers.barcode` has been localized to `en_US`.
2025-08-28 19:44:56,134 - DEBUG - Looking for locale `en_US` in provider `faker.providers.color`.
2025-08-28 19:44:56,139 - DEBUG - Provider `faker.providers.color` has been localized to `en_US`.
2025-08-28 19:44:56,144 - DEBUG - Looking for locale `en_US` in provider `faker.providers.company`.
2025-08-28 19:44:56,148 - DEBUG - Provider `faker.providers.company` has been localized to `en_US`.
2025-08-28 19:44:56,153 - DEBUG - Looking for locale `en_US` in provider `faker.providers.credit_card`.
2025-08-28 19:44:56,154 - DEBUG - Provider `faker.providers.credit_card` has been localized to `en_US`.
2025-08-28 19:44:56,160 - DEBUG - Looking for locale `en_US` in provider `faker.providers.currency`.
2025-08-28 19:44:56,163 - DEBUG - Provider `faker.providers.currency` has been localized to `en_US`.
2025-08-28 19:44:56,168 - DEBUG - Looking for locale `en_US` in provider `faker.providers.date_time`.
2025-08-28 19:44:56,172 - DEBUG - Provider `faker.providers.date_time` has been localized to `en_US`.
2025-08-28 19:44:56,176 - DEBUG - Provider `faker.providers.doi` does not feature localization. Specified locale `en_US` is not utilized for this provider.
2025-08-28 19:44:56,176 - DEBUG - Provider `faker.providers.emoji` does not feature localization. Specified locale `en_US` is not utilized for this provider.
2025-08-28 19:44:56,177 - DEBUG - Provider `faker.providers.file` does not feature localization. Specified locale `en_US` is not utilized for this provider.
2025-08-28 19:44:56,177 - DEBUG - Looking for locale `en_US` in provider `faker.providers.geo`.
2025-08-28 19:44:56,178 - DEBUG - Provider `faker.providers.geo` has been localized to `en_US`.
2025-08-28 19:44:56,182 - DEBUG - Looking for locale `en_US` in provider `faker.providers.internet`.
2025-08-28 19:44:56,187 - DEBUG - Provider `faker.providers.internet` has been localized to `en_US`.
2025-08-28 19:44:56,192 - DEBUG - Looking for locale `en_US` in provider `faker.providers.isbn`.
2025-08-28 19:44:56,192 - DEBUG - Provider `faker.providers.isbn` has been localized to `en_US`.
2025-08-28 19:44:56,197 - DEBUG - Looking for locale `en_US` in provider `faker.providers.job`.
2025-08-28 19:44:56,200 - DEBUG - Provider `faker.providers.job` has been localized to `en_US`.
2025-08-28 19:44:56,205 - DEBUG - Looking for locale `en_US` in provider `faker.providers.lorem`.
2025-08-28 19:44:56,207 - DEBUG - Provider `faker.providers.lorem` has been localized to `en_US`.
2025-08-28 19:44:56,208 - DEBUG - Looking for locale `en_US` in provider `faker.providers.misc`.
2025-08-28 19:44:56,208 - DEBUG - Provider `faker.providers.misc` has been localized to `en_US`.
2025-08-28 19:44:56,213 - DEBUG - Looking for locale `en_US` in provider `faker.providers.passport`.
2025-08-28 19:44:56,213 - DEBUG - Provider `faker.providers.passport` has been localized to `en_US`.
2025-08-28 19:44:56,219 - DEBUG - Looking for locale `en_US` in provider `faker.providers.person`.
2025-08-28 19:44:56,224 - DEBUG - Provider `faker.providers.person` has been localized to `en_US`.
2025-08-28 19:44:56,231 - DEBUG - Looking for locale `en_US` in provider `faker.providers.phone_number`.
2025-08-28 19:44:56,237 - DEBUG - Provider `faker.providers.phone_number` has been localized to `en_US`.
2025-08-28 19:44:56,242 - DEBUG - Provider `faker.providers.profile` does not feature localization. Specified locale `en_US` is not utilized for this provider.
2025-08-28 19:44:56,242 - DEBUG - Provider `faker.providers.python` does not feature localization. Specified locale `en_US` is not utilized for this provider.
2025-08-28 19:44:56,242 - DEBUG - Provider `faker.providers.sbn` does not feature localization. Specified locale `en_US` is not utilized for this provider.
2025-08-28 19:44:56,243 - DEBUG - Looking for locale `en_US` in provider `faker.providers.ssn`.
2025-08-28 19:44:56,246 - DEBUG - Provider `faker.providers.ssn` has been localized to `en_US`.
2025-08-28 19:44:56,252 - DEBUG - Provider `faker.providers.user_agent` does not feature localization. Specified locale `en_US` is not utilized for this provider.
2025-08-28 19:44:58,491 - INFO - MainWindow.__init__ started.
2025-08-28 19:44:58,685 - INFO - MainWindow.__init__ finished.
