2025-10-29 17:30:11,162 - INFO - Application starting...
2025-10-29 17:30:11,597 - DEBUG - Starting new HTTPS connection (1): api.telegra.ph:443
2025-10-29 17:30:13,403 - DEBUG - https://api.telegra.ph:443 "POST /createAccount/ HTTP/1.1" 200 213
2025-10-29 17:30:15,023 - DEBUG - Not in REPL -> leaving logger event level as is.
2025-10-29 17:30:15,028 - DEBUG - Looking for locale `en_US` in provider `faker.providers.address`.
2025-10-29 17:30:15,039 - DEBUG - Provider `faker.providers.address` has been localized to `en_US`.
2025-10-29 17:30:15,040 - DEBUG - Looking for locale `en_US` in provider `faker.providers.automotive`.
2025-10-29 17:30:15,045 - DEBUG - Provider `faker.providers.automotive` has been localized to `en_US`.
2025-10-29 17:30:15,047 - DEBUG - Looking for locale `en_US` in provider `faker.providers.bank`.
2025-10-29 17:30:15,050 - DEBUG - Specified locale `en_US` is not available for provider `faker.providers.bank`. Locale reset to `en_GB` for this provider.
2025-10-29 17:30:15,051 - DEBUG - Looking for locale `en_US` in provider `faker.providers.barcode`.
2025-10-29 17:30:15,053 - DEBUG - Provider `faker.providers.barcode` has been localized to `en_US`.
2025-10-29 17:30:15,055 - DEBUG - Looking for locale `en_US` in provider `faker.providers.color`.
2025-10-29 17:30:15,061 - DEBUG - Provider `faker.providers.color` has been localized to `en_US`.
2025-10-29 17:30:15,062 - DEBUG - Looking for locale `en_US` in provider `faker.providers.company`.
2025-10-29 17:30:15,067 - DEBUG - Provider `faker.providers.company` has been localized to `en_US`.
2025-10-29 17:30:15,069 - DEBUG - Looking for locale `en_US` in provider `faker.providers.credit_card`.
2025-10-29 17:30:15,071 - DEBUG - Provider `faker.providers.credit_card` has been localized to `en_US`.
2025-10-29 17:30:15,072 - DEBUG - Looking for locale `en_US` in provider `faker.providers.currency`.
2025-10-29 17:30:15,078 - DEBUG - Provider `faker.providers.currency` has been localized to `en_US`.
2025-10-29 17:30:15,080 - DEBUG - Looking for locale `en_US` in provider `faker.providers.date_time`.
2025-10-29 17:30:15,087 - DEBUG - Provider `faker.providers.date_time` has been localized to `en_US`.
2025-10-29 17:30:15,089 - DEBUG - Provider `faker.providers.doi` does not feature localization. Specified locale `en_US` is not used for this provider.
2025-10-29 17:30:15,089 - DEBUG - Provider `faker.providers.emoji` does not feature localization. Specified locale `en_US` is not used for this provider.
2025-10-29 17:30:15,089 - DEBUG - Provider `faker.providers.file` does not feature localization. Specified locale `en_US` is not used for this provider.
2025-10-29 17:30:15,090 - DEBUG - Looking for locale `en_US` in provider `faker.providers.geo`.
2025-10-29 17:30:15,092 - DEBUG - Provider `faker.providers.geo` has been localized to `en_US`.
2025-10-29 17:30:15,094 - DEBUG - Looking for locale `en_US` in provider `faker.providers.internet`.
2025-10-29 17:30:15,099 - DEBUG - Provider `faker.providers.internet` has been localized to `en_US`.
2025-10-29 17:30:15,101 - DEBUG - Looking for locale `en_US` in provider `faker.providers.isbn`.
2025-10-29 17:30:15,102 - DEBUG - Provider `faker.providers.isbn` has been localized to `en_US`.
2025-10-29 17:30:15,103 - DEBUG - Looking for locale `en_US` in provider `faker.providers.job`.
2025-10-29 17:30:15,111 - DEBUG - Provider `faker.providers.job` has been localized to `en_US`.
2025-10-29 17:30:15,113 - DEBUG - Looking for locale `en_US` in provider `faker.providers.lorem`.
2025-10-29 17:30:15,118 - DEBUG - Provider `faker.providers.lorem` has been localized to `en_US`.
2025-10-29 17:30:15,119 - DEBUG - Looking for locale `en_US` in provider `faker.providers.misc`.
2025-10-29 17:30:15,120 - DEBUG - Provider `faker.providers.misc` has been localized to `en_US`.
2025-10-29 17:30:15,122 - DEBUG - Looking for locale `en_US` in provider `faker.providers.passport`.
2025-10-29 17:30:15,123 - DEBUG - Provider `faker.providers.passport` has been localized to `en_US`.
2025-10-29 17:30:15,125 - DEBUG - Looking for locale `en_US` in provider `faker.providers.person`.
2025-10-29 17:30:15,140 - DEBUG - Provider `faker.providers.person` has been localized to `en_US`.
2025-10-29 17:30:15,143 - DEBUG - Looking for locale `en_US` in provider `faker.providers.phone_number`.
2025-10-29 17:30:15,155 - DEBUG - Provider `faker.providers.phone_number` has been localized to `en_US`.
2025-10-29 17:30:15,157 - DEBUG - Provider `faker.providers.profile` does not feature localization. Specified locale `en_US` is not used for this provider.
2025-10-29 17:30:15,157 - DEBUG - Provider `faker.providers.python` does not feature localization. Specified locale `en_US` is not used for this provider.
2025-10-29 17:30:15,157 - DEBUG - Provider `faker.providers.sbn` does not feature localization. Specified locale `en_US` is not used for this provider.
2025-10-29 17:30:15,157 - DEBUG - Looking for locale `en_US` in provider `faker.providers.ssn`.
2025-10-29 17:30:15,168 - DEBUG - Provider `faker.providers.ssn` has been localized to `en_US`.
2025-10-29 17:30:15,169 - DEBUG - Provider `faker.providers.user_agent` does not feature localization. Specified locale `en_US` is not used for this provider.
2025-10-29 17:30:15,827 - INFO - MainWindow.__init__ started.
2025-10-29 17:30:15,905 - INFO - MainWindow.__init__ finished.
