2025-11-03 12:33:08,686 - INFO - Application starting...
2025-11-03 12:33:09,784 - DEBUG - Starting new HTTPS connection (1): api.telegra.ph:443
2025-11-03 12:33:12,759 - DEBUG - https://api.telegra.ph:443 "POST /createAccount/ HTTP/1.1" 200 212
2025-11-03 12:33:18,045 - DEBUG - Not in REPL -> leaving logger event level as is.
2025-11-03 12:33:18,083 - DEBUG - Looking for locale `en_US` in provider `faker.providers.address`.
2025-11-03 12:33:18,089 - DEBUG - Provider `faker.providers.address` has been localized to `en_US`.
2025-11-03 12:33:18,100 - DEBUG - Looking for locale `en_US` in provider `faker.providers.automotive`.
2025-11-03 12:33:18,110 - DEBUG - Provider `faker.providers.automotive` has been localized to `en_US`.
2025-11-03 12:33:18,117 - DEBUG - Looking for locale `en_US` in provider `faker.providers.bank`.
2025-11-03 12:33:18,121 - DEBUG - Specified locale `en_US` is not available for provider `faker.providers.bank`. Locale reset to `en_GB` for this provider.
2025-11-03 12:33:18,128 - DEBUG - Looking for locale `en_US` in provider `faker.providers.barcode`.
2025-11-03 12:33:18,131 - DEBUG - Provider `faker.providers.barcode` has been localized to `en_US`.
2025-11-03 12:33:18,137 - DEBUG - Looking for locale `en_US` in provider `faker.providers.color`.
2025-11-03 12:33:18,141 - DEBUG - Provider `faker.providers.color` has been localized to `en_US`.
2025-11-03 12:33:18,147 - DEBUG - Looking for locale `en_US` in provider `faker.providers.company`.
2025-11-03 12:33:18,153 - DEBUG - Provider `faker.providers.company` has been localized to `en_US`.
2025-11-03 12:33:18,161 - DEBUG - Looking for locale `en_US` in provider `faker.providers.credit_card`.
2025-11-03 12:33:18,163 - DEBUG - Provider `faker.providers.credit_card` has been localized to `en_US`.
2025-11-03 12:33:18,168 - DEBUG - Looking for locale `en_US` in provider `faker.providers.currency`.
2025-11-03 12:33:18,175 - DEBUG - Provider `faker.providers.currency` has been localized to `en_US`.
2025-11-03 12:33:18,180 - DEBUG - Looking for locale `en_US` in provider `faker.providers.date_time`.
2025-11-03 12:33:18,184 - DEBUG - Provider `faker.providers.date_time` has been localized to `en_US`.
2025-11-03 12:33:18,189 - DEBUG - Provider `faker.providers.doi` does not feature localization. Specified locale `en_US` is not used for this provider.
2025-11-03 12:33:18,189 - DEBUG - Provider `faker.providers.emoji` does not feature localization. Specified locale `en_US` is not used for this provider.
2025-11-03 12:33:18,190 - DEBUG - Provider `faker.providers.file` does not feature localization. Specified locale `en_US` is not used for this provider.
2025-11-03 12:33:18,190 - DEBUG - Looking for locale `en_US` in provider `faker.providers.geo`.
2025-11-03 12:33:18,194 - DEBUG - Provider `faker.providers.geo` has been localized to `en_US`.
2025-11-03 12:33:18,200 - DEBUG - Looking for locale `en_US` in provider `faker.providers.internet`.
2025-11-03 12:33:18,203 - DEBUG - Provider `faker.providers.internet` has been localized to `en_US`.
2025-11-03 12:33:18,211 - DEBUG - Looking for locale `en_US` in provider `faker.providers.isbn`.
2025-11-03 12:33:18,212 - DEBUG - Provider `faker.providers.isbn` has been localized to `en_US`.
2025-11-03 12:33:18,217 - DEBUG - Looking for locale `en_US` in provider `faker.providers.job`.
2025-11-03 12:33:18,224 - DEBUG - Provider `faker.providers.job` has been localized to `en_US`.
2025-11-03 12:33:18,230 - DEBUG - Looking for locale `en_US` in provider `faker.providers.lorem`.
2025-11-03 12:33:18,234 - DEBUG - Provider `faker.providers.lorem` has been localized to `en_US`.
2025-11-03 12:33:18,234 - DEBUG - Looking for locale `en_US` in provider `faker.providers.misc`.
2025-11-03 12:33:18,235 - DEBUG - Provider `faker.providers.misc` has been localized to `en_US`.
2025-11-03 12:33:18,243 - DEBUG - Looking for locale `en_US` in provider `faker.providers.passport`.
2025-11-03 12:33:18,244 - DEBUG - Provider `faker.providers.passport` has been localized to `en_US`.
2025-11-03 12:33:18,250 - DEBUG - Looking for locale `en_US` in provider `faker.providers.person`.
2025-11-03 12:33:18,263 - DEBUG - Provider `faker.providers.person` has been localized to `en_US`.
2025-11-03 12:33:18,270 - DEBUG - Looking for locale `en_US` in provider `faker.providers.phone_number`.
2025-11-03 12:33:18,282 - DEBUG - Provider `faker.providers.phone_number` has been localized to `en_US`.
2025-11-03 12:33:18,287 - DEBUG - Provider `faker.providers.profile` does not feature localization. Specified locale `en_US` is not used for this provider.
2025-11-03 12:33:18,288 - DEBUG - Provider `faker.providers.python` does not feature localization. Specified locale `en_US` is not used for this provider.
2025-11-03 12:33:18,288 - DEBUG - Provider `faker.providers.sbn` does not feature localization. Specified locale `en_US` is not used for this provider.
2025-11-03 12:33:18,288 - DEBUG - Looking for locale `en_US` in provider `faker.providers.ssn`.
2025-11-03 12:33:18,299 - DEBUG - Provider `faker.providers.ssn` has been localized to `en_US`.
2025-11-03 12:33:18,305 - DEBUG - Provider `faker.providers.user_agent` does not feature localization. Specified locale `en_US` is not used for this provider.
2025-11-03 12:33:20,765 - INFO - MainWindow.__init__ started.
2025-11-03 12:33:21,036 - INFO - MainWindow.__init__ finished.
