2025-08-29 09:02:10,568 - INFO - Application starting...
2025-08-29 09:02:10,901 - DEBUG - Starting new HTTPS connection (1): api.telegra.ph:443
2025-08-29 09:02:11,631 - DEBUG - https://api.telegra.ph:443 "POST /createAccount/ HTTP/1.1" 200 212
2025-08-29 09:02:12,481 - DEBUG - Not in REPL -> leaving logger event level as is.
2025-08-29 09:02:12,486 - DEBUG - Looking for locale `en_US` in provider `faker.providers.address`.
2025-08-29 09:02:12,489 - DEBUG - Provider `faker.providers.address` has been localized to `en_US`.
2025-08-29 09:02:12,491 - DEBUG - Looking for locale `en_US` in provider `faker.providers.automotive`.
2025-08-29 09:02:12,497 - DEBUG - Provider `faker.providers.automotive` has been localized to `en_US`.
2025-08-29 09:02:12,498 - DEBUG - Looking for locale `en_US` in provider `faker.providers.bank`.
2025-08-29 09:02:12,501 - DEBUG - Specified locale `en_US` is not available for provider `faker.providers.bank`. Locale reset to `en_GB` for this provider.
2025-08-29 09:02:12,502 - DEBUG - Looking for locale `en_US` in provider `faker.providers.barcode`.
2025-08-29 09:02:12,503 - DEBUG - Provider `faker.providers.barcode` has been localized to `en_US`.
2025-08-29 09:02:12,504 - DEBUG - Looking for locale `en_US` in provider `faker.providers.color`.
2025-08-29 09:02:12,507 - DEBUG - Provider `faker.providers.color` has been localized to `en_US`.
2025-08-29 09:02:12,508 - DEBUG - Looking for locale `en_US` in provider `faker.providers.company`.
2025-08-29 09:02:12,512 - DEBUG - Provider `faker.providers.company` has been localized to `en_US`.
2025-08-29 09:02:12,513 - DEBUG - Looking for locale `en_US` in provider `faker.providers.credit_card`.
2025-08-29 09:02:12,514 - DEBUG - Provider `faker.providers.credit_card` has been localized to `en_US`.
2025-08-29 09:02:12,515 - DEBUG - Looking for locale `en_US` in provider `faker.providers.currency`.
2025-08-29 09:02:12,518 - DEBUG - Provider `faker.providers.currency` has been localized to `en_US`.
2025-08-29 09:02:12,519 - DEBUG - Looking for locale `en_US` in provider `faker.providers.date_time`.
2025-08-29 09:02:12,522 - DEBUG - Provider `faker.providers.date_time` has been localized to `en_US`.
2025-08-29 09:02:12,523 - DEBUG - Provider `faker.providers.doi` does not feature localization. Specified locale `en_US` is not utilized for this provider.
2025-08-29 09:02:12,523 - DEBUG - Provider `faker.providers.emoji` does not feature localization. Specified locale `en_US` is not utilized for this provider.
2025-08-29 09:02:12,523 - DEBUG - Provider `faker.providers.file` does not feature localization. Specified locale `en_US` is not utilized for this provider.
2025-08-29 09:02:12,524 - DEBUG - Looking for locale `en_US` in provider `faker.providers.geo`.
2025-08-29 09:02:12,525 - DEBUG - Provider `faker.providers.geo` has been localized to `en_US`.
2025-08-29 09:02:12,526 - DEBUG - Looking for locale `en_US` in provider `faker.providers.internet`.
2025-08-29 09:02:12,529 - DEBUG - Provider `faker.providers.internet` has been localized to `en_US`.
2025-08-29 09:02:12,530 - DEBUG - Looking for locale `en_US` in provider `faker.providers.isbn`.
2025-08-29 09:02:12,531 - DEBUG - Provider `faker.providers.isbn` has been localized to `en_US`.
2025-08-29 09:02:12,532 - DEBUG - Looking for locale `en_US` in provider `faker.providers.job`.
2025-08-29 09:02:12,534 - DEBUG - Provider `faker.providers.job` has been localized to `en_US`.
2025-08-29 09:02:12,535 - DEBUG - Looking for locale `en_US` in provider `faker.providers.lorem`.
2025-08-29 09:02:12,537 - DEBUG - Provider `faker.providers.lorem` has been localized to `en_US`.
2025-08-29 09:02:12,538 - DEBUG - Looking for locale `en_US` in provider `faker.providers.misc`.
2025-08-29 09:02:12,539 - DEBUG - Provider `faker.providers.misc` has been localized to `en_US`.
2025-08-29 09:02:12,539 - DEBUG - Looking for locale `en_US` in provider `faker.providers.passport`.
2025-08-29 09:02:12,540 - DEBUG - Provider `faker.providers.passport` has been localized to `en_US`.
2025-08-29 09:02:12,541 - DEBUG - Looking for locale `en_US` in provider `faker.providers.person`.
2025-08-29 09:02:12,546 - DEBUG - Provider `faker.providers.person` has been localized to `en_US`.
2025-08-29 09:02:12,548 - DEBUG - Looking for locale `en_US` in provider `faker.providers.phone_number`.
2025-08-29 09:02:12,553 - DEBUG - Provider `faker.providers.phone_number` has been localized to `en_US`.
2025-08-29 09:02:12,554 - DEBUG - Provider `faker.providers.profile` does not feature localization. Specified locale `en_US` is not utilized for this provider.
2025-08-29 09:02:12,554 - DEBUG - Provider `faker.providers.python` does not feature localization. Specified locale `en_US` is not utilized for this provider.
2025-08-29 09:02:12,554 - DEBUG - Provider `faker.providers.sbn` does not feature localization. Specified locale `en_US` is not utilized for this provider.
2025-08-29 09:02:12,555 - DEBUG - Looking for locale `en_US` in provider `faker.providers.ssn`.
2025-08-29 09:02:12,559 - DEBUG - Provider `faker.providers.ssn` has been localized to `en_US`.
2025-08-29 09:02:12,560 - DEBUG - Provider `faker.providers.user_agent` does not feature localization. Specified locale `en_US` is not utilized for this provider.
2025-08-29 09:02:13,250 - INFO - MainWindow.__init__ started.
2025-08-29 09:02:13,306 - INFO - MainWindow.__init__ finished.
2025-08-29 09:02:18,158 - DEBUG - Starting new HTTPS connection (1): api.proxyscrape.com:443
2025-08-29 09:02:18,328 - DEBUG - Starting new HTTPS connection (1): raw.githubusercontent.com:443
2025-08-29 09:02:18,533 - DEBUG - Starting new HTTPS connection (2): raw.githubusercontent.com:443
