2025-08-29 09:29:03,055 - INFO - Application starting...
2025-08-29 09:29:03,396 - DEBUG - Starting new HTTPS connection (1): api.telegra.ph:443
2025-08-29 09:29:04,921 - DEBUG - https://api.telegra.ph:443 "POST /createAccount/ HTTP/1.1" 200 214
2025-08-29 09:29:05,801 - DEBUG - Not in REPL -> leaving logger event level as is.
2025-08-29 09:29:05,805 - DEBUG - Looking for locale `en_US` in provider `faker.providers.address`.
2025-08-29 09:29:05,809 - DEBUG - Provider `faker.providers.address` has been localized to `en_US`.
2025-08-29 09:29:05,811 - DEBUG - Looking for locale `en_US` in provider `faker.providers.automotive`.
2025-08-29 09:29:05,816 - DEBUG - Provider `faker.providers.automotive` has been localized to `en_US`.
2025-08-29 09:29:05,817 - DEBUG - Looking for locale `en_US` in provider `faker.providers.bank`.
2025-08-29 09:29:05,820 - DEBUG - Specified locale `en_US` is not available for provider `faker.providers.bank`. Locale reset to `en_GB` for this provider.
2025-08-29 09:29:05,821 - DEBUG - Looking for locale `en_US` in provider `faker.providers.barcode`.
2025-08-29 09:29:05,822 - DEBUG - Provider `faker.providers.barcode` has been localized to `en_US`.
2025-08-29 09:29:05,823 - DEBUG - Looking for locale `en_US` in provider `faker.providers.color`.
2025-08-29 09:29:05,827 - DEBUG - Provider `faker.providers.color` has been localized to `en_US`.
2025-08-29 09:29:05,828 - DEBUG - Looking for locale `en_US` in provider `faker.providers.company`.
2025-08-29 09:29:05,831 - DEBUG - Provider `faker.providers.company` has been localized to `en_US`.
2025-08-29 09:29:05,832 - DEBUG - Looking for locale `en_US` in provider `faker.providers.credit_card`.
2025-08-29 09:29:05,833 - DEBUG - Provider `faker.providers.credit_card` has been localized to `en_US`.
2025-08-29 09:29:05,834 - DEBUG - Looking for locale `en_US` in provider `faker.providers.currency`.
2025-08-29 09:29:05,837 - DEBUG - Provider `faker.providers.currency` has been localized to `en_US`.
2025-08-29 09:29:05,838 - DEBUG - Looking for locale `en_US` in provider `faker.providers.date_time`.
2025-08-29 09:29:05,841 - DEBUG - Provider `faker.providers.date_time` has been localized to `en_US`.
2025-08-29 09:29:05,842 - DEBUG - Provider `faker.providers.doi` does not feature localization. Specified locale `en_US` is not utilized for this provider.
2025-08-29 09:29:05,843 - DEBUG - Provider `faker.providers.emoji` does not feature localization. Specified locale `en_US` is not utilized for this provider.
2025-08-29 09:29:05,843 - DEBUG - Provider `faker.providers.file` does not feature localization. Specified locale `en_US` is not utilized for this provider.
2025-08-29 09:29:05,843 - DEBUG - Looking for locale `en_US` in provider `faker.providers.geo`.
2025-08-29 09:29:05,844 - DEBUG - Provider `faker.providers.geo` has been localized to `en_US`.
2025-08-29 09:29:05,845 - DEBUG - Looking for locale `en_US` in provider `faker.providers.internet`.
2025-08-29 09:29:05,848 - DEBUG - Provider `faker.providers.internet` has been localized to `en_US`.
2025-08-29 09:29:05,849 - DEBUG - Looking for locale `en_US` in provider `faker.providers.isbn`.
2025-08-29 09:29:05,849 - DEBUG - Provider `faker.providers.isbn` has been localized to `en_US`.
2025-08-29 09:29:05,850 - DEBUG - Looking for locale `en_US` in provider `faker.providers.job`.
2025-08-29 09:29:05,852 - DEBUG - Provider `faker.providers.job` has been localized to `en_US`.
2025-08-29 09:29:05,853 - DEBUG - Looking for locale `en_US` in provider `faker.providers.lorem`.
2025-08-29 09:29:05,856 - DEBUG - Provider `faker.providers.lorem` has been localized to `en_US`.
2025-08-29 09:29:05,856 - DEBUG - Looking for locale `en_US` in provider `faker.providers.misc`.
2025-08-29 09:29:05,857 - DEBUG - Provider `faker.providers.misc` has been localized to `en_US`.
2025-08-29 09:29:05,858 - DEBUG - Looking for locale `en_US` in provider `faker.providers.passport`.
2025-08-29 09:29:05,858 - DEBUG - Provider `faker.providers.passport` has been localized to `en_US`.
2025-08-29 09:29:05,859 - DEBUG - Looking for locale `en_US` in provider `faker.providers.person`.
2025-08-29 09:29:05,864 - DEBUG - Provider `faker.providers.person` has been localized to `en_US`.
2025-08-29 09:29:05,867 - DEBUG - Looking for locale `en_US` in provider `faker.providers.phone_number`.
2025-08-29 09:29:05,871 - DEBUG - Provider `faker.providers.phone_number` has been localized to `en_US`.
2025-08-29 09:29:05,872 - DEBUG - Provider `faker.providers.profile` does not feature localization. Specified locale `en_US` is not utilized for this provider.
2025-08-29 09:29:05,872 - DEBUG - Provider `faker.providers.python` does not feature localization. Specified locale `en_US` is not utilized for this provider.
2025-08-29 09:29:05,873 - DEBUG - Provider `faker.providers.sbn` does not feature localization. Specified locale `en_US` is not utilized for this provider.
2025-08-29 09:29:05,873 - DEBUG - Looking for locale `en_US` in provider `faker.providers.ssn`.
2025-08-29 09:29:05,877 - DEBUG - Provider `faker.providers.ssn` has been localized to `en_US`.
2025-08-29 09:29:05,878 - DEBUG - Provider `faker.providers.user_agent` does not feature localization. Specified locale `en_US` is not utilized for this provider.
2025-08-29 09:29:06,157 - INFO - MainWindow.__init__ started.
2025-08-29 09:29:06,217 - INFO - MainWindow.__init__ finished.
2025-08-29 09:29:09,281 - DEBUG - Starting new HTTPS connection (1): raw.githubusercontent.com:443
2025-08-29 09:29:09,529 - DEBUG - Incremented Retry for (url='/ProxyScraper/ProxyScraper/main/http.txt'): Retry(total=2, connect=None, read=None, redirect=None, status=None)
2025-08-29 09:29:09,529 - WARNING - Retrying (Retry(total=2, connect=None, read=None, redirect=None, status=None)) after connection broken by 'SSLError(SSLCertVerificationError(1, '[SSL: CERTIFICATE_VERIFY_FAILED] certificate verify failed: unable to get local issuer certificate (_ssl.c:1020)'))': /ProxyScraper/ProxyScraper/main/http.txt
2025-08-29 09:29:09,529 - DEBUG - Starting new HTTPS connection (2): raw.githubusercontent.com:443
2025-08-29 09:29:09,949 - DEBUG - Incremented Retry for (url='/ProxyScraper/ProxyScraper/main/http.txt'): Retry(total=1, connect=None, read=None, redirect=None, status=None)
2025-08-29 09:29:09,950 - WARNING - Retrying (Retry(total=1, connect=None, read=None, redirect=None, status=None)) after connection broken by 'SSLError(SSLCertVerificationError(1, '[SSL: CERTIFICATE_VERIFY_FAILED] certificate verify failed: unable to get local issuer certificate (_ssl.c:1020)'))': /ProxyScraper/ProxyScraper/main/http.txt
2025-08-29 09:29:09,950 - DEBUG - Starting new HTTPS connection (3): raw.githubusercontent.com:443
2025-08-29 09:29:10,348 - DEBUG - Incremented Retry for (url='/ProxyScraper/ProxyScraper/main/http.txt'): Retry(total=0, connect=None, read=None, redirect=None, status=None)
2025-08-29 09:29:10,348 - WARNING - Retrying (Retry(total=0, connect=None, read=None, redirect=None, status=None)) after connection broken by 'SSLError(SSLCertVerificationError(1, '[SSL: CERTIFICATE_VERIFY_FAILED] certificate verify failed: unable to get local issuer certificate (_ssl.c:1020)'))': /ProxyScraper/ProxyScraper/main/http.txt
2025-08-29 09:29:10,349 - DEBUG - Starting new HTTPS connection (4): raw.githubusercontent.com:443
2025-08-29 09:29:10,773 - DEBUG - Starting new HTTPS connection (1): raw.githubusercontent.com:443
2025-08-29 09:29:11,692 - DEBUG - https://raw.githubusercontent.com:443 "GET /ProxyScraper/ProxyScraper/main/http.txt HTTP/1.1" 200 167329
