2025-08-29 09:43:56,148 - INFO - Application starting...
2025-08-29 09:43:56,478 - DEBUG - Starting new HTTPS connection (1): api.telegra.ph:443
2025-08-29 09:43:57,260 - DEBUG - https://api.telegra.ph:443 "POST /createAccount/ HTTP/1.1" 200 213
2025-08-29 09:43:58,219 - DEBUG - Not in REPL -> leaving logger event level as is.
2025-08-29 09:43:58,223 - DEBUG - Looking for locale `en_US` in provider `faker.providers.address`.
2025-08-29 09:43:58,227 - DEBUG - Provider `faker.providers.address` has been localized to `en_US`.
2025-08-29 09:43:58,229 - DEBUG - Looking for locale `en_US` in provider `faker.providers.automotive`.
2025-08-29 09:43:58,234 - DEBUG - Provider `faker.providers.automotive` has been localized to `en_US`.
2025-08-29 09:43:58,235 - DEBUG - Looking for locale `en_US` in provider `faker.providers.bank`.
2025-08-29 09:43:58,238 - DEBUG - Specified locale `en_US` is not available for provider `faker.providers.bank`. Locale reset to `en_GB` for this provider.
2025-08-29 09:43:58,239 - DEBUG - Looking for locale `en_US` in provider `faker.providers.barcode`.
2025-08-29 09:43:58,240 - DEBUG - Provider `faker.providers.barcode` has been localized to `en_US`.
2025-08-29 09:43:58,241 - DEBUG - Looking for locale `en_US` in provider `faker.providers.color`.
2025-08-29 09:43:58,244 - DEBUG - Provider `faker.providers.color` has been localized to `en_US`.
2025-08-29 09:43:58,245 - DEBUG - Looking for locale `en_US` in provider `faker.providers.company`.
2025-08-29 09:43:58,248 - DEBUG - Provider `faker.providers.company` has been localized to `en_US`.
2025-08-29 09:43:58,249 - DEBUG - Looking for locale `en_US` in provider `faker.providers.credit_card`.
2025-08-29 09:43:58,250 - DEBUG - Provider `faker.providers.credit_card` has been localized to `en_US`.
2025-08-29 09:43:58,251 - DEBUG - Looking for locale `en_US` in provider `faker.providers.currency`.
2025-08-29 09:43:58,255 - DEBUG - Provider `faker.providers.currency` has been localized to `en_US`.
2025-08-29 09:43:58,256 - DEBUG - Looking for locale `en_US` in provider `faker.providers.date_time`.
2025-08-29 09:43:58,260 - DEBUG - Provider `faker.providers.date_time` has been localized to `en_US`.
2025-08-29 09:43:58,261 - DEBUG - Provider `faker.providers.doi` does not feature localization. Specified locale `en_US` is not utilized for this provider.
2025-08-29 09:43:58,261 - DEBUG - Provider `faker.providers.emoji` does not feature localization. Specified locale `en_US` is not utilized for this provider.
2025-08-29 09:43:58,261 - DEBUG - Provider `faker.providers.file` does not feature localization. Specified locale `en_US` is not utilized for this provider.
2025-08-29 09:43:58,261 - DEBUG - Looking for locale `en_US` in provider `faker.providers.geo`.
2025-08-29 09:43:58,262 - DEBUG - Provider `faker.providers.geo` has been localized to `en_US`.
2025-08-29 09:43:58,263 - DEBUG - Looking for locale `en_US` in provider `faker.providers.internet`.
2025-08-29 09:43:58,266 - DEBUG - Provider `faker.providers.internet` has been localized to `en_US`.
2025-08-29 09:43:58,268 - DEBUG - Looking for locale `en_US` in provider `faker.providers.isbn`.
2025-08-29 09:43:58,268 - DEBUG - Provider `faker.providers.isbn` has been localized to `en_US`.
2025-08-29 09:43:58,269 - DEBUG - Looking for locale `en_US` in provider `faker.providers.job`.
2025-08-29 09:43:58,272 - DEBUG - Provider `faker.providers.job` has been localized to `en_US`.
2025-08-29 09:43:58,273 - DEBUG - Looking for locale `en_US` in provider `faker.providers.lorem`.
2025-08-29 09:43:58,275 - DEBUG - Provider `faker.providers.lorem` has been localized to `en_US`.
2025-08-29 09:43:58,276 - DEBUG - Looking for locale `en_US` in provider `faker.providers.misc`.
2025-08-29 09:43:58,276 - DEBUG - Provider `faker.providers.misc` has been localized to `en_US`.
2025-08-29 09:43:58,277 - DEBUG - Looking for locale `en_US` in provider `faker.providers.passport`.
2025-08-29 09:43:58,278 - DEBUG - Provider `faker.providers.passport` has been localized to `en_US`.
2025-08-29 09:43:58,279 - DEBUG - Looking for locale `en_US` in provider `faker.providers.person`.
2025-08-29 09:43:58,284 - DEBUG - Provider `faker.providers.person` has been localized to `en_US`.
2025-08-29 09:43:58,287 - DEBUG - Looking for locale `en_US` in provider `faker.providers.phone_number`.
2025-08-29 09:43:58,291 - DEBUG - Provider `faker.providers.phone_number` has been localized to `en_US`.
2025-08-29 09:43:58,292 - DEBUG - Provider `faker.providers.profile` does not feature localization. Specified locale `en_US` is not utilized for this provider.
2025-08-29 09:43:58,292 - DEBUG - Provider `faker.providers.python` does not feature localization. Specified locale `en_US` is not utilized for this provider.
2025-08-29 09:43:58,292 - DEBUG - Provider `faker.providers.sbn` does not feature localization. Specified locale `en_US` is not utilized for this provider.
2025-08-29 09:43:58,293 - DEBUG - Looking for locale `en_US` in provider `faker.providers.ssn`.
2025-08-29 09:43:58,296 - DEBUG - Provider `faker.providers.ssn` has been localized to `en_US`.
2025-08-29 09:43:58,297 - DEBUG - Provider `faker.providers.user_agent` does not feature localization. Specified locale `en_US` is not utilized for this provider.
2025-08-29 09:43:58,570 - INFO - MainWindow.__init__ started.
2025-08-29 09:43:58,631 - INFO - MainWindow.__init__ finished.
2025-08-29 09:44:01,288 - DEBUG - Starting new HTTPS connection (1): raw.githubusercontent.com:443
2025-08-29 09:44:02,087 - DEBUG - Incremented Retry for (url='/ProxyScraper/ProxyScraper/main/http.txt'): Retry(total=2, connect=None, read=None, redirect=None, status=None)
2025-08-29 09:44:02,088 - WARNING - Retrying (Retry(total=2, connect=None, read=None, redirect=None, status=None)) after connection broken by 'SSLError(SSLCertVerificationError(1, '[SSL: CERTIFICATE_VERIFY_FAILED] certificate verify failed: unable to get local issuer certificate (_ssl.c:1020)'))': /ProxyScraper/ProxyScraper/main/http.txt
2025-08-29 09:44:02,088 - DEBUG - Starting new HTTPS connection (2): raw.githubusercontent.com:443
2025-08-29 09:44:02,490 - DEBUG - Incremented Retry for (url='/ProxyScraper/ProxyScraper/main/http.txt'): Retry(total=1, connect=None, read=None, redirect=None, status=None)
2025-08-29 09:44:02,490 - WARNING - Retrying (Retry(total=1, connect=None, read=None, redirect=None, status=None)) after connection broken by 'SSLError(SSLCertVerificationError(1, '[SSL: CERTIFICATE_VERIFY_FAILED] certificate verify failed: unable to get local issuer certificate (_ssl.c:1020)'))': /ProxyScraper/ProxyScraper/main/http.txt
2025-08-29 09:44:02,491 - DEBUG - Starting new HTTPS connection (3): raw.githubusercontent.com:443
2025-08-29 09:44:02,893 - DEBUG - Incremented Retry for (url='/ProxyScraper/ProxyScraper/main/http.txt'): Retry(total=0, connect=None, read=None, redirect=None, status=None)
2025-08-29 09:44:02,893 - WARNING - Retrying (Retry(total=0, connect=None, read=None, redirect=None, status=None)) after connection broken by 'SSLError(SSLCertVerificationError(1, '[SSL: CERTIFICATE_VERIFY_FAILED] certificate verify failed: unable to get local issuer certificate (_ssl.c:1020)'))': /ProxyScraper/ProxyScraper/main/http.txt
2025-08-29 09:44:02,893 - DEBUG - Starting new HTTPS connection (4): raw.githubusercontent.com:443
2025-08-29 09:44:03,281 - DEBUG - Starting new HTTPS connection (1): raw.githubusercontent.com:443
2025-08-29 09:44:04,042 - DEBUG - https://raw.githubusercontent.com:443 "GET /ProxyScraper/ProxyScraper/main/http.txt HTTP/1.1" 200 167329
