2025-10-29 17:24:39,435 - INFO - Application starting...
2025-10-29 17:24:39,848 - DEBUG - Starting new HTTPS connection (1): api.telegra.ph:443
2025-10-29 17:24:42,814 - DEBUG - https://api.telegra.ph:443 "POST /createAccount/ HTTP/1.1" 200 215
2025-10-29 17:24:43,958 - DEBUG - Not in REPL -> leaving logger event level as is.
2025-10-29 17:24:43,962 - DEBUG - Looking for locale `en_US` in provider `faker.providers.address`.
2025-10-29 17:24:43,968 - DEBUG - Provider `faker.providers.address` has been localized to `en_US`.
2025-10-29 17:24:43,969 - DEBUG - Looking for locale `en_US` in provider `faker.providers.automotive`.
2025-10-29 17:24:43,973 - DEBUG - Provider `faker.providers.automotive` has been localized to `en_US`.
2025-10-29 17:24:43,974 - DEBUG - Looking for locale `en_US` in provider `faker.providers.bank`.
2025-10-29 17:24:43,976 - DEBUG - Specified locale `en_US` is not available for provider `faker.providers.bank`. Locale reset to `en_GB` for this provider.
2025-10-29 17:24:43,977 - DEBUG - Looking for locale `en_US` in provider `faker.providers.barcode`.
2025-10-29 17:24:43,978 - DEBUG - Provider `faker.providers.barcode` has been localized to `en_US`.
2025-10-29 17:24:43,980 - DEBUG - Looking for locale `en_US` in provider `faker.providers.color`.
2025-10-29 17:24:43,982 - DEBUG - Provider `faker.providers.color` has been localized to `en_US`.
2025-10-29 17:24:43,983 - DEBUG - Looking for locale `en_US` in provider `faker.providers.company`.
2025-10-29 17:24:43,986 - DEBUG - Provider `faker.providers.company` has been localized to `en_US`.
2025-10-29 17:24:43,987 - DEBUG - Looking for locale `en_US` in provider `faker.providers.credit_card`.
2025-10-29 17:24:43,988 - DEBUG - Provider `faker.providers.credit_card` has been localized to `en_US`.
2025-10-29 17:24:43,989 - DEBUG - Looking for locale `en_US` in provider `faker.providers.currency`.
2025-10-29 17:24:43,992 - DEBUG - Provider `faker.providers.currency` has been localized to `en_US`.
2025-10-29 17:24:43,994 - DEBUG - Looking for locale `en_US` in provider `faker.providers.date_time`.
2025-10-29 17:24:43,998 - DEBUG - Provider `faker.providers.date_time` has been localized to `en_US`.
2025-10-29 17:24:44,000 - DEBUG - Provider `faker.providers.doi` does not feature localization. Specified locale `en_US` is not used for this provider.
2025-10-29 17:24:44,000 - DEBUG - Provider `faker.providers.emoji` does not feature localization. Specified locale `en_US` is not used for this provider.
2025-10-29 17:24:44,000 - DEBUG - Provider `faker.providers.file` does not feature localization. Specified locale `en_US` is not used for this provider.
2025-10-29 17:24:44,000 - DEBUG - Looking for locale `en_US` in provider `faker.providers.geo`.
2025-10-29 17:24:44,002 - DEBUG - Provider `faker.providers.geo` has been localized to `en_US`.
2025-10-29 17:24:44,002 - DEBUG - Looking for locale `en_US` in provider `faker.providers.internet`.
2025-10-29 17:24:44,005 - DEBUG - Provider `faker.providers.internet` has been localized to `en_US`.
2025-10-29 17:24:44,006 - DEBUG - Looking for locale `en_US` in provider `faker.providers.isbn`.
2025-10-29 17:24:44,007 - DEBUG - Provider `faker.providers.isbn` has been localized to `en_US`.
2025-10-29 17:24:44,008 - DEBUG - Looking for locale `en_US` in provider `faker.providers.job`.
2025-10-29 17:24:44,011 - DEBUG - Provider `faker.providers.job` has been localized to `en_US`.
2025-10-29 17:24:44,011 - DEBUG - Looking for locale `en_US` in provider `faker.providers.lorem`.
2025-10-29 17:24:44,014 - DEBUG - Provider `faker.providers.lorem` has been localized to `en_US`.
2025-10-29 17:24:44,014 - DEBUG - Looking for locale `en_US` in provider `faker.providers.misc`.
2025-10-29 17:24:44,015 - DEBUG - Provider `faker.providers.misc` has been localized to `en_US`.
2025-10-29 17:24:44,016 - DEBUG - Looking for locale `en_US` in provider `faker.providers.passport`.
2025-10-29 17:24:44,017 - DEBUG - Provider `faker.providers.passport` has been localized to `en_US`.
2025-10-29 17:24:44,017 - DEBUG - Looking for locale `en_US` in provider `faker.providers.person`.
2025-10-29 17:24:44,023 - DEBUG - Provider `faker.providers.person` has been localized to `en_US`.
2025-10-29 17:24:44,025 - DEBUG - Looking for locale `en_US` in provider `faker.providers.phone_number`.
2025-10-29 17:24:44,030 - DEBUG - Provider `faker.providers.phone_number` has been localized to `en_US`.
2025-10-29 17:24:44,031 - DEBUG - Provider `faker.providers.profile` does not feature localization. Specified locale `en_US` is not used for this provider.
2025-10-29 17:24:44,032 - DEBUG - Provider `faker.providers.python` does not feature localization. Specified locale `en_US` is not used for this provider.
2025-10-29 17:24:44,032 - DEBUG - Provider `faker.providers.sbn` does not feature localization. Specified locale `en_US` is not used for this provider.
2025-10-29 17:24:44,032 - DEBUG - Looking for locale `en_US` in provider `faker.providers.ssn`.
2025-10-29 17:24:44,036 - DEBUG - Provider `faker.providers.ssn` has been localized to `en_US`.
2025-10-29 17:24:44,037 - DEBUG - Provider `faker.providers.user_agent` does not feature localization. Specified locale `en_US` is not used for this provider.
2025-10-29 17:24:44,455 - INFO - MainWindow.__init__ started.
2025-10-29 17:24:44,532 - INFO - MainWindow.__init__ finished.
2025-10-29 17:25:13,922 - DEBUG - Starting new HTTPS connection (1): t.me:443
2025-10-29 17:25:19,469 - DEBUG - https://t.me:443 "GET /b1nary_b0mber HTTP/1.1" 200 4063
2025-10-29 17:25:49,542 - DEBUG - Starting new HTTPS connection (1): t.me:443
2025-10-29 17:25:52,894 - DEBUG - https://t.me:443 "GET /hepxu HTTP/1.1" 200 4199
