2025-11-01 14:59:28,750 - INFO - Application starting...
2025-11-01 14:59:29,986 - DEBUG - Starting new HTTPS connection (1): api.telegra.ph:443
2025-11-01 14:59:31,909 - DEBUG - https://api.telegra.ph:443 "POST /createAccount/ HTTP/1.1" 200 209
2025-11-01 14:59:36,024 - DEBUG - Not in REPL -> leaving logger event level as is.
2025-11-01 14:59:36,053 - DEBUG - Looking for locale `en_US` in provider `faker.providers.address`.
2025-11-01 14:59:36,060 - DEBUG - Provider `faker.providers.address` has been localized to `en_US`.
2025-11-01 14:59:36,073 - DEBUG - Looking for locale `en_US` in provider `faker.providers.automotive`.
2025-11-01 14:59:36,082 - DEBUG - Provider `faker.providers.automotive` has been localized to `en_US`.
2025-11-01 14:59:36,087 - DEBUG - Looking for locale `en_US` in provider `faker.providers.bank`.
2025-11-01 14:59:36,095 - DEBUG - Specified locale `en_US` is not available for provider `faker.providers.bank`. Locale reset to `en_GB` for this provider.
2025-11-01 14:59:36,100 - DEBUG - Looking for locale `en_US` in provider `faker.providers.barcode`.
2025-11-01 14:59:36,101 - DEBUG - Provider `faker.providers.barcode` has been localized to `en_US`.
2025-11-01 14:59:36,107 - DEBUG - Looking for locale `en_US` in provider `faker.providers.color`.
2025-11-01 14:59:36,113 - DEBUG - Provider `faker.providers.color` has been localized to `en_US`.
2025-11-01 14:59:36,118 - DEBUG - Looking for locale `en_US` in provider `faker.providers.company`.
2025-11-01 14:59:36,126 - DEBUG - Provider `faker.providers.company` has been localized to `en_US`.
2025-11-01 14:59:36,130 - DEBUG - Looking for locale `en_US` in provider `faker.providers.credit_card`.
2025-11-01 14:59:36,133 - DEBUG - Provider `faker.providers.credit_card` has been localized to `en_US`.
2025-11-01 14:59:36,137 - DEBUG - Looking for locale `en_US` in provider `faker.providers.currency`.
2025-11-01 14:59:36,144 - DEBUG - Provider `faker.providers.currency` has been localized to `en_US`.
2025-11-01 14:59:36,149 - DEBUG - Looking for locale `en_US` in provider `faker.providers.date_time`.
2025-11-01 14:59:36,155 - DEBUG - Provider `faker.providers.date_time` has been localized to `en_US`.
2025-11-01 14:59:36,160 - DEBUG - Provider `faker.providers.doi` does not feature localization. Specified locale `en_US` is not used for this provider.
2025-11-01 14:59:36,161 - DEBUG - Provider `faker.providers.emoji` does not feature localization. Specified locale `en_US` is not used for this provider.
2025-11-01 14:59:36,161 - DEBUG - Provider `faker.providers.file` does not feature localization. Specified locale `en_US` is not used for this provider.
2025-11-01 14:59:36,161 - DEBUG - Looking for locale `en_US` in provider `faker.providers.geo`.
2025-11-01 14:59:36,162 - DEBUG - Provider `faker.providers.geo` has been localized to `en_US`.
2025-11-01 14:59:36,168 - DEBUG - Looking for locale `en_US` in provider `faker.providers.internet`.
2025-11-01 14:59:36,175 - DEBUG - Provider `faker.providers.internet` has been localized to `en_US`.
2025-11-01 14:59:36,179 - DEBUG - Looking for locale `en_US` in provider `faker.providers.isbn`.
2025-11-01 14:59:36,180 - DEBUG - Provider `faker.providers.isbn` has been localized to `en_US`.
2025-11-01 14:59:36,186 - DEBUG - Looking for locale `en_US` in provider `faker.providers.job`.
2025-11-01 14:59:36,192 - DEBUG - Provider `faker.providers.job` has been localized to `en_US`.
2025-11-01 14:59:36,197 - DEBUG - Looking for locale `en_US` in provider `faker.providers.lorem`.
2025-11-01 14:59:36,202 - DEBUG - Provider `faker.providers.lorem` has been localized to `en_US`.
2025-11-01 14:59:36,203 - DEBUG - Looking for locale `en_US` in provider `faker.providers.misc`.
2025-11-01 14:59:36,203 - DEBUG - Provider `faker.providers.misc` has been localized to `en_US`.
2025-11-01 14:59:36,209 - DEBUG - Looking for locale `en_US` in provider `faker.providers.passport`.
2025-11-01 14:59:36,210 - DEBUG - Provider `faker.providers.passport` has been localized to `en_US`.
2025-11-01 14:59:36,214 - DEBUG - Looking for locale `en_US` in provider `faker.providers.person`.
2025-11-01 14:59:36,230 - DEBUG - Provider `faker.providers.person` has been localized to `en_US`.
2025-11-01 14:59:36,238 - DEBUG - Looking for locale `en_US` in provider `faker.providers.phone_number`.
2025-11-01 14:59:36,245 - DEBUG - Provider `faker.providers.phone_number` has been localized to `en_US`.
2025-11-01 14:59:36,250 - DEBUG - Provider `faker.providers.profile` does not feature localization. Specified locale `en_US` is not used for this provider.
2025-11-01 14:59:36,250 - DEBUG - Provider `faker.providers.python` does not feature localization. Specified locale `en_US` is not used for this provider.
2025-11-01 14:59:36,250 - DEBUG - Provider `faker.providers.sbn` does not feature localization. Specified locale `en_US` is not used for this provider.
2025-11-01 14:59:36,251 - DEBUG - Looking for locale `en_US` in provider `faker.providers.ssn`.
2025-11-01 14:59:36,257 - DEBUG - Provider `faker.providers.ssn` has been localized to `en_US`.
2025-11-01 14:59:36,262 - DEBUG - Provider `faker.providers.user_agent` does not feature localization. Specified locale `en_US` is not used for this provider.
2025-11-01 14:59:38,592 - INFO - MainWindow.__init__ started.
2025-11-01 14:59:38,844 - INFO - MainWindow.__init__ finished.
