2025-10-29 17:39:41,934 - INFO - Application starting...
2025-10-29 17:39:42,306 - DEBUG - Starting new HTTPS connection (1): api.telegra.ph:443
2025-10-29 17:39:45,626 - DEBUG - https://api.telegra.ph:443 "POST /createAccount/ HTTP/1.1" 200 215
2025-10-29 17:39:46,630 - DEBUG - Not in REPL -> leaving logger event level as is.
2025-10-29 17:39:46,634 - DEBUG - Looking for locale `en_US` in provider `faker.providers.address`.
2025-10-29 17:39:46,638 - DEBUG - Provider `faker.providers.address` has been localized to `en_US`.
2025-10-29 17:39:46,640 - DEBUG - Looking for locale `en_US` in provider `faker.providers.automotive`.
2025-10-29 17:39:46,646 - DEBUG - Provider `faker.providers.automotive` has been localized to `en_US`.
2025-10-29 17:39:46,647 - DEBUG - Looking for locale `en_US` in provider `faker.providers.bank`.
2025-10-29 17:39:46,650 - DEBUG - Specified locale `en_US` is not available for provider `faker.providers.bank`. Locale reset to `en_GB` for this provider.
2025-10-29 17:39:46,651 - DEBUG - Looking for locale `en_US` in provider `faker.providers.barcode`.
2025-10-29 17:39:46,652 - DEBUG - Provider `faker.providers.barcode` has been localized to `en_US`.
2025-10-29 17:39:46,653 - DEBUG - Looking for locale `en_US` in provider `faker.providers.color`.
2025-10-29 17:39:46,656 - DEBUG - Provider `faker.providers.color` has been localized to `en_US`.
2025-10-29 17:39:46,658 - DEBUG - Looking for locale `en_US` in provider `faker.providers.company`.
2025-10-29 17:39:46,662 - DEBUG - Provider `faker.providers.company` has been localized to `en_US`.
2025-10-29 17:39:46,663 - DEBUG - Looking for locale `en_US` in provider `faker.providers.credit_card`.
2025-10-29 17:39:46,664 - DEBUG - Provider `faker.providers.credit_card` has been localized to `en_US`.
2025-10-29 17:39:46,665 - DEBUG - Looking for locale `en_US` in provider `faker.providers.currency`.
2025-10-29 17:39:46,667 - DEBUG - Provider `faker.providers.currency` has been localized to `en_US`.
2025-10-29 17:39:46,669 - DEBUG - Looking for locale `en_US` in provider `faker.providers.date_time`.
2025-10-29 17:39:46,672 - DEBUG - Provider `faker.providers.date_time` has been localized to `en_US`.
2025-10-29 17:39:46,673 - DEBUG - Provider `faker.providers.doi` does not feature localization. Specified locale `en_US` is not used for this provider.
2025-10-29 17:39:46,673 - DEBUG - Provider `faker.providers.emoji` does not feature localization. Specified locale `en_US` is not used for this provider.
2025-10-29 17:39:46,674 - DEBUG - Provider `faker.providers.file` does not feature localization. Specified locale `en_US` is not used for this provider.
2025-10-29 17:39:46,674 - DEBUG - Looking for locale `en_US` in provider `faker.providers.geo`.
2025-10-29 17:39:46,675 - DEBUG - Provider `faker.providers.geo` has been localized to `en_US`.
2025-10-29 17:39:46,676 - DEBUG - Looking for locale `en_US` in provider `faker.providers.internet`.
2025-10-29 17:39:46,679 - DEBUG - Provider `faker.providers.internet` has been localized to `en_US`.
2025-10-29 17:39:46,680 - DEBUG - Looking for locale `en_US` in provider `faker.providers.isbn`.
2025-10-29 17:39:46,680 - DEBUG - Provider `faker.providers.isbn` has been localized to `en_US`.
2025-10-29 17:39:46,681 - DEBUG - Looking for locale `en_US` in provider `faker.providers.job`.
2025-10-29 17:39:46,684 - DEBUG - Provider `faker.providers.job` has been localized to `en_US`.
2025-10-29 17:39:46,685 - DEBUG - Looking for locale `en_US` in provider `faker.providers.lorem`.
2025-10-29 17:39:46,687 - DEBUG - Provider `faker.providers.lorem` has been localized to `en_US`.
2025-10-29 17:39:46,688 - DEBUG - Looking for locale `en_US` in provider `faker.providers.misc`.
2025-10-29 17:39:46,689 - DEBUG - Provider `faker.providers.misc` has been localized to `en_US`.
2025-10-29 17:39:46,690 - DEBUG - Looking for locale `en_US` in provider `faker.providers.passport`.
2025-10-29 17:39:46,691 - DEBUG - Provider `faker.providers.passport` has been localized to `en_US`.
2025-10-29 17:39:46,692 - DEBUG - Looking for locale `en_US` in provider `faker.providers.person`.
2025-10-29 17:39:46,698 - DEBUG - Provider `faker.providers.person` has been localized to `en_US`.
2025-10-29 17:39:46,700 - DEBUG - Looking for locale `en_US` in provider `faker.providers.phone_number`.
2025-10-29 17:39:46,706 - DEBUG - Provider `faker.providers.phone_number` has been localized to `en_US`.
2025-10-29 17:39:46,707 - DEBUG - Provider `faker.providers.profile` does not feature localization. Specified locale `en_US` is not used for this provider.
2025-10-29 17:39:46,707 - DEBUG - Provider `faker.providers.python` does not feature localization. Specified locale `en_US` is not used for this provider.
2025-10-29 17:39:46,707 - DEBUG - Provider `faker.providers.sbn` does not feature localization. Specified locale `en_US` is not used for this provider.
2025-10-29 17:39:46,707 - DEBUG - Looking for locale `en_US` in provider `faker.providers.ssn`.
2025-10-29 17:39:46,712 - DEBUG - Provider `faker.providers.ssn` has been localized to `en_US`.
2025-10-29 17:39:46,713 - DEBUG - Provider `faker.providers.user_agent` does not feature localization. Specified locale `en_US` is not used for this provider.
2025-10-29 17:39:47,127 - INFO - MainWindow.__init__ started.
2025-10-29 17:39:47,264 - INFO - MainWindow.__init__ finished.
2025-10-29 17:40:16,920 - DEBUG - Starting new HTTPS connection (1): raw.githubusercontent.com:443
2025-10-29 17:40:30,538 - DEBUG - https://raw.githubusercontent.com:443 "GET /ProxyScraper/ProxyScraper/main/http.txt HTTP/1.1" 200 0
