2025-11-03 13:02:38,847 - INFO - Application starting...
2025-11-03 13:02:39,258 - DEBUG - Starting new HTTPS connection (1): api.telegra.ph:443
2025-11-03 13:02:42,409 - DEBUG - https://api.telegra.ph:443 "POST /createAccount/ HTTP/1.1" 200 217
2025-11-03 13:02:43,574 - DEBUG - Not in REPL -> leaving logger event level as is.
2025-11-03 13:02:43,579 - DEBUG - Looking for locale `en_US` in provider `faker.providers.address`.
2025-11-03 13:02:43,584 - DEBUG - Provider `faker.providers.address` has been localized to `en_US`.
2025-11-03 13:02:43,586 - DEBUG - Looking for locale `en_US` in provider `faker.providers.automotive`.
2025-11-03 13:02:43,591 - DEBUG - Provider `faker.providers.automotive` has been localized to `en_US`.
2025-11-03 13:02:43,592 - DEBUG - Looking for locale `en_US` in provider `faker.providers.bank`.
2025-11-03 13:02:43,595 - DEBUG - Specified locale `en_US` is not available for provider `faker.providers.bank`. Locale reset to `en_GB` for this provider.
2025-11-03 13:02:43,596 - DEBUG - Looking for locale `en_US` in provider `faker.providers.barcode`.
2025-11-03 13:02:43,597 - DEBUG - Provider `faker.providers.barcode` has been localized to `en_US`.
2025-11-03 13:02:43,598 - DEBUG - Looking for locale `en_US` in provider `faker.providers.color`.
2025-11-03 13:02:43,601 - DEBUG - Provider `faker.providers.color` has been localized to `en_US`.
2025-11-03 13:02:43,602 - DEBUG - Looking for locale `en_US` in provider `faker.providers.company`.
2025-11-03 13:02:43,608 - DEBUG - Provider `faker.providers.company` has been localized to `en_US`.
2025-11-03 13:02:43,609 - DEBUG - Looking for locale `en_US` in provider `faker.providers.credit_card`.
2025-11-03 13:02:43,613 - DEBUG - Provider `faker.providers.credit_card` has been localized to `en_US`.
2025-11-03 13:02:43,615 - DEBUG - Looking for locale `en_US` in provider `faker.providers.currency`.
2025-11-03 13:02:43,628 - DEBUG - Provider `faker.providers.currency` has been localized to `en_US`.
2025-11-03 13:02:43,630 - DEBUG - Looking for locale `en_US` in provider `faker.providers.date_time`.
2025-11-03 13:02:43,637 - DEBUG - Provider `faker.providers.date_time` has been localized to `en_US`.
2025-11-03 13:02:43,640 - DEBUG - Provider `faker.providers.doi` does not feature localization. Specified locale `en_US` is not used for this provider.
2025-11-03 13:02:43,640 - DEBUG - Provider `faker.providers.emoji` does not feature localization. Specified locale `en_US` is not used for this provider.
2025-11-03 13:02:43,640 - DEBUG - Provider `faker.providers.file` does not feature localization. Specified locale `en_US` is not used for this provider.
2025-11-03 13:02:43,640 - DEBUG - Looking for locale `en_US` in provider `faker.providers.geo`.
2025-11-03 13:02:43,642 - DEBUG - Provider `faker.providers.geo` has been localized to `en_US`.
2025-11-03 13:02:43,643 - DEBUG - Looking for locale `en_US` in provider `faker.providers.internet`.
2025-11-03 13:02:43,648 - DEBUG - Provider `faker.providers.internet` has been localized to `en_US`.
2025-11-03 13:02:43,650 - DEBUG - Looking for locale `en_US` in provider `faker.providers.isbn`.
2025-11-03 13:02:43,651 - DEBUG - Provider `faker.providers.isbn` has been localized to `en_US`.
2025-11-03 13:02:43,651 - DEBUG - Looking for locale `en_US` in provider `faker.providers.job`.
2025-11-03 13:02:43,655 - DEBUG - Provider `faker.providers.job` has been localized to `en_US`.
2025-11-03 13:02:43,656 - DEBUG - Looking for locale `en_US` in provider `faker.providers.lorem`.
2025-11-03 13:02:43,658 - DEBUG - Provider `faker.providers.lorem` has been localized to `en_US`.
2025-11-03 13:02:43,658 - DEBUG - Looking for locale `en_US` in provider `faker.providers.misc`.
2025-11-03 13:02:43,659 - DEBUG - Provider `faker.providers.misc` has been localized to `en_US`.
2025-11-03 13:02:43,660 - DEBUG - Looking for locale `en_US` in provider `faker.providers.passport`.
2025-11-03 13:02:43,661 - DEBUG - Provider `faker.providers.passport` has been localized to `en_US`.
2025-11-03 13:02:43,662 - DEBUG - Looking for locale `en_US` in provider `faker.providers.person`.
2025-11-03 13:02:43,669 - DEBUG - Provider `faker.providers.person` has been localized to `en_US`.
2025-11-03 13:02:43,671 - DEBUG - Looking for locale `en_US` in provider `faker.providers.phone_number`.
2025-11-03 13:02:43,677 - DEBUG - Provider `faker.providers.phone_number` has been localized to `en_US`.
2025-11-03 13:02:43,678 - DEBUG - Provider `faker.providers.profile` does not feature localization. Specified locale `en_US` is not used for this provider.
2025-11-03 13:02:43,679 - DEBUG - Provider `faker.providers.python` does not feature localization. Specified locale `en_US` is not used for this provider.
2025-11-03 13:02:43,679 - DEBUG - Provider `faker.providers.sbn` does not feature localization. Specified locale `en_US` is not used for this provider.
2025-11-03 13:02:43,679 - DEBUG - Looking for locale `en_US` in provider `faker.providers.ssn`.
2025-11-03 13:02:43,683 - DEBUG - Provider `faker.providers.ssn` has been localized to `en_US`.
2025-11-03 13:02:43,684 - DEBUG - Provider `faker.providers.user_agent` does not feature localization. Specified locale `en_US` is not used for this provider.
