2025-11-03 12:54:36,274 - INFO - Application starting...
2025-11-03 12:54:36,716 - DEBUG - Starting new HTTPS connection (1): api.telegra.ph:443
2025-11-03 12:54:38,112 - DEBUG - https://api.telegra.ph:443 "POST /createAccount/ HTTP/1.1" 200 215
2025-11-03 12:54:39,269 - DEBUG - Not in REPL -> leaving logger event level as is.
2025-11-03 12:54:39,274 - DEBUG - Looking for locale `en_US` in provider `faker.providers.address`.
2025-11-03 12:54:39,280 - DEBUG - Provider `faker.providers.address` has been localized to `en_US`.
2025-11-03 12:54:39,282 - DEBUG - Looking for locale `en_US` in provider `faker.providers.automotive`.
2025-11-03 12:54:39,289 - DEBUG - Provider `faker.providers.automotive` has been localized to `en_US`.
2025-11-03 12:54:39,290 - DEBUG - Looking for locale `en_US` in provider `faker.providers.bank`.
2025-11-03 12:54:39,294 - DEBUG - Specified locale `en_US` is not available for provider `faker.providers.bank`. Locale reset to `en_GB` for this provider.
2025-11-03 12:54:39,295 - DEBUG - Looking for locale `en_US` in provider `faker.providers.barcode`.
2025-11-03 12:54:39,296 - DEBUG - Provider `faker.providers.barcode` has been localized to `en_US`.
2025-11-03 12:54:39,297 - DEBUG - Looking for locale `en_US` in provider `faker.providers.color`.
2025-11-03 12:54:39,299 - DEBUG - Provider `faker.providers.color` has been localized to `en_US`.
2025-11-03 12:54:39,301 - DEBUG - Looking for locale `en_US` in provider `faker.providers.company`.
2025-11-03 12:54:39,304 - DEBUG - Provider `faker.providers.company` has been localized to `en_US`.
2025-11-03 12:54:39,305 - DEBUG - Looking for locale `en_US` in provider `faker.providers.credit_card`.
2025-11-03 12:54:39,307 - DEBUG - Provider `faker.providers.credit_card` has been localized to `en_US`.
2025-11-03 12:54:39,308 - DEBUG - Looking for locale `en_US` in provider `faker.providers.currency`.
2025-11-03 12:54:39,310 - DEBUG - Provider `faker.providers.currency` has been localized to `en_US`.
2025-11-03 12:54:39,311 - DEBUG - Looking for locale `en_US` in provider `faker.providers.date_time`.
2025-11-03 12:54:39,316 - DEBUG - Provider `faker.providers.date_time` has been localized to `en_US`.
2025-11-03 12:54:39,317 - DEBUG - Provider `faker.providers.doi` does not feature localization. Specified locale `en_US` is not used for this provider.
2025-11-03 12:54:39,318 - DEBUG - Provider `faker.providers.emoji` does not feature localization. Specified locale `en_US` is not used for this provider.
2025-11-03 12:54:39,318 - DEBUG - Provider `faker.providers.file` does not feature localization. Specified locale `en_US` is not used for this provider.
2025-11-03 12:54:39,318 - DEBUG - Looking for locale `en_US` in provider `faker.providers.geo`.
2025-11-03 12:54:39,319 - DEBUG - Provider `faker.providers.geo` has been localized to `en_US`.
2025-11-03 12:54:39,320 - DEBUG - Looking for locale `en_US` in provider `faker.providers.internet`.
2025-11-03 12:54:39,323 - DEBUG - Provider `faker.providers.internet` has been localized to `en_US`.
2025-11-03 12:54:39,324 - DEBUG - Looking for locale `en_US` in provider `faker.providers.isbn`.
2025-11-03 12:54:39,325 - DEBUG - Provider `faker.providers.isbn` has been localized to `en_US`.
2025-11-03 12:54:39,325 - DEBUG - Looking for locale `en_US` in provider `faker.providers.job`.
2025-11-03 12:54:39,329 - DEBUG - Provider `faker.providers.job` has been localized to `en_US`.
2025-11-03 12:54:39,330 - DEBUG - Looking for locale `en_US` in provider `faker.providers.lorem`.
2025-11-03 12:54:39,333 - DEBUG - Provider `faker.providers.lorem` has been localized to `en_US`.
2025-11-03 12:54:39,333 - DEBUG - Looking for locale `en_US` in provider `faker.providers.misc`.
2025-11-03 12:54:39,335 - DEBUG - Provider `faker.providers.misc` has been localized to `en_US`.
2025-11-03 12:54:39,336 - DEBUG - Looking for locale `en_US` in provider `faker.providers.passport`.
2025-11-03 12:54:39,337 - DEBUG - Provider `faker.providers.passport` has been localized to `en_US`.
2025-11-03 12:54:39,338 - DEBUG - Looking for locale `en_US` in provider `faker.providers.person`.
2025-11-03 12:54:39,345 - DEBUG - Provider `faker.providers.person` has been localized to `en_US`.
2025-11-03 12:54:39,347 - DEBUG - Looking for locale `en_US` in provider `faker.providers.phone_number`.
2025-11-03 12:54:39,353 - DEBUG - Provider `faker.providers.phone_number` has been localized to `en_US`.
2025-11-03 12:54:39,354 - DEBUG - Provider `faker.providers.profile` does not feature localization. Specified locale `en_US` is not used for this provider.
2025-11-03 12:54:39,354 - DEBUG - Provider `faker.providers.python` does not feature localization. Specified locale `en_US` is not used for this provider.
2025-11-03 12:54:39,354 - DEBUG - Provider `faker.providers.sbn` does not feature localization. Specified locale `en_US` is not used for this provider.
2025-11-03 12:54:39,354 - DEBUG - Looking for locale `en_US` in provider `faker.providers.ssn`.
2025-11-03 12:54:39,359 - DEBUG - Provider `faker.providers.ssn` has been localized to `en_US`.
2025-11-03 12:54:39,360 - DEBUG - Provider `faker.providers.user_agent` does not feature localization. Specified locale `en_US` is not used for this provider.
2025-11-03 12:54:45,255 - INFO - MainWindow.__init__ started.
2025-11-03 12:54:45,331 - INFO - MainWindow.__init__ finished.
