2025-10-30 07:19:07,559 - INFO - Application starting...
2025-10-30 07:19:08,055 - DEBUG - Starting new HTTPS connection (1): api.telegra.ph:443
2025-10-30 07:19:12,078 - DEBUG - https://api.telegra.ph:443 "POST /createAccount/ HTTP/1.1" 200 212
2025-10-30 07:19:13,557 - DEBUG - Not in REPL -> leaving logger event level as is.
2025-10-30 07:19:13,564 - DEBUG - Looking for locale `en_US` in provider `faker.providers.address`.
2025-10-30 07:19:13,570 - DEBUG - Provider `faker.providers.address` has been localized to `en_US`.
2025-10-30 07:19:13,573 - DEBUG - Looking for locale `en_US` in provider `faker.providers.automotive`.
2025-10-30 07:19:13,576 - DEBUG - Provider `faker.providers.automotive` has been localized to `en_US`.
2025-10-30 07:19:13,578 - DEBUG - Looking for locale `en_US` in provider `faker.providers.bank`.
2025-10-30 07:19:13,581 - DEBUG - Specified locale `en_US` is not available for provider `faker.providers.bank`. Locale reset to `en_GB` for this provider.
2025-10-30 07:19:13,582 - DEBUG - Looking for locale `en_US` in provider `faker.providers.barcode`.
2025-10-30 07:19:13,582 - DEBUG - Provider `faker.providers.barcode` has been localized to `en_US`.
2025-10-30 07:19:13,584 - DEBUG - Looking for locale `en_US` in provider `faker.providers.color`.
2025-10-30 07:19:13,587 - DEBUG - Provider `faker.providers.color` has been localized to `en_US`.
2025-10-30 07:19:13,588 - DEBUG - Looking for locale `en_US` in provider `faker.providers.company`.
2025-10-30 07:19:13,595 - DEBUG - Provider `faker.providers.company` has been localized to `en_US`.
2025-10-30 07:19:13,596 - DEBUG - Looking for locale `en_US` in provider `faker.providers.credit_card`.
2025-10-30 07:19:13,597 - DEBUG - Provider `faker.providers.credit_card` has been localized to `en_US`.
2025-10-30 07:19:13,598 - DEBUG - Looking for locale `en_US` in provider `faker.providers.currency`.
2025-10-30 07:19:13,601 - DEBUG - Provider `faker.providers.currency` has been localized to `en_US`.
2025-10-30 07:19:13,603 - DEBUG - Looking for locale `en_US` in provider `faker.providers.date_time`.
2025-10-30 07:19:13,606 - DEBUG - Provider `faker.providers.date_time` has been localized to `en_US`.
2025-10-30 07:19:13,607 - DEBUG - Provider `faker.providers.doi` does not feature localization. Specified locale `en_US` is not used for this provider.
2025-10-30 07:19:13,608 - DEBUG - Provider `faker.providers.emoji` does not feature localization. Specified locale `en_US` is not used for this provider.
2025-10-30 07:19:13,608 - DEBUG - Provider `faker.providers.file` does not feature localization. Specified locale `en_US` is not used for this provider.
2025-10-30 07:19:13,608 - DEBUG - Looking for locale `en_US` in provider `faker.providers.geo`.
2025-10-30 07:19:13,610 - DEBUG - Provider `faker.providers.geo` has been localized to `en_US`.
2025-10-30 07:19:13,611 - DEBUG - Looking for locale `en_US` in provider `faker.providers.internet`.
2025-10-30 07:19:13,615 - DEBUG - Provider `faker.providers.internet` has been localized to `en_US`.
2025-10-30 07:19:13,616 - DEBUG - Looking for locale `en_US` in provider `faker.providers.isbn`.
2025-10-30 07:19:13,617 - DEBUG - Provider `faker.providers.isbn` has been localized to `en_US`.
2025-10-30 07:19:13,619 - DEBUG - Looking for locale `en_US` in provider `faker.providers.job`.
2025-10-30 07:19:13,622 - DEBUG - Provider `faker.providers.job` has been localized to `en_US`.
2025-10-30 07:19:13,624 - DEBUG - Looking for locale `en_US` in provider `faker.providers.lorem`.
2025-10-30 07:19:13,626 - DEBUG - Provider `faker.providers.lorem` has been localized to `en_US`.
2025-10-30 07:19:13,626 - DEBUG - Looking for locale `en_US` in provider `faker.providers.misc`.
2025-10-30 07:19:13,627 - DEBUG - Provider `faker.providers.misc` has been localized to `en_US`.
2025-10-30 07:19:13,629 - DEBUG - Looking for locale `en_US` in provider `faker.providers.passport`.
2025-10-30 07:19:13,630 - DEBUG - Provider `faker.providers.passport` has been localized to `en_US`.
2025-10-30 07:19:13,631 - DEBUG - Looking for locale `en_US` in provider `faker.providers.person`.
2025-10-30 07:19:13,636 - DEBUG - Provider `faker.providers.person` has been localized to `en_US`.
2025-10-30 07:19:13,639 - DEBUG - Looking for locale `en_US` in provider `faker.providers.phone_number`.
2025-10-30 07:19:13,644 - DEBUG - Provider `faker.providers.phone_number` has been localized to `en_US`.
2025-10-30 07:19:13,645 - DEBUG - Provider `faker.providers.profile` does not feature localization. Specified locale `en_US` is not used for this provider.
2025-10-30 07:19:13,646 - DEBUG - Provider `faker.providers.python` does not feature localization. Specified locale `en_US` is not used for this provider.
2025-10-30 07:19:13,646 - DEBUG - Provider `faker.providers.sbn` does not feature localization. Specified locale `en_US` is not used for this provider.
2025-10-30 07:19:13,646 - DEBUG - Looking for locale `en_US` in provider `faker.providers.ssn`.
2025-10-30 07:19:13,651 - DEBUG - Provider `faker.providers.ssn` has been localized to `en_US`.
2025-10-30 07:19:13,652 - DEBUG - Provider `faker.providers.user_agent` does not feature localization. Specified locale `en_US` is not used for this provider.
2025-10-30 07:19:14,350 - INFO - MainWindow.__init__ started.
2025-10-30 07:19:14,480 - INFO - MainWindow.__init__ finished.
