2025-10-31 19:15:01,179 - INFO - Application starting...
2025-10-31 19:15:02,114 - DEBUG - Starting new HTTPS connection (1): api.telegra.ph:443
2025-10-31 19:15:11,285 - DEBUG - https://api.telegra.ph:443 "POST /createAccount/ HTTP/1.1" 200 214
2025-10-31 19:15:13,589 - DEBUG - Not in REPL -> leaving logger event level as is.
2025-10-31 19:15:13,598 - DEBUG - Looking for locale `en_US` in provider `faker.providers.address`.
2025-10-31 19:15:13,618 - DEBUG - Provider `faker.providers.address` has been localized to `en_US`.
2025-10-31 19:15:13,623 - DEBUG - Looking for locale `en_US` in provider `faker.providers.automotive`.
2025-10-31 19:15:13,693 - DEBUG - Provider `faker.providers.automotive` has been localized to `en_US`.
2025-10-31 19:15:13,694 - DEBUG - Looking for locale `en_US` in provider `faker.providers.bank`.
2025-10-31 19:15:13,702 - DEBUG - Specified locale `en_US` is not available for provider `faker.providers.bank`. Locale reset to `en_GB` for this provider.
2025-10-31 19:15:13,704 - DEBUG - Looking for locale `en_US` in provider `faker.providers.barcode`.
2025-10-31 19:15:13,707 - DEBUG - Provider `faker.providers.barcode` has been localized to `en_US`.
2025-10-31 19:15:13,710 - DEBUG - Looking for locale `en_US` in provider `faker.providers.color`.
2025-10-31 19:15:13,721 - DEBUG - Provider `faker.providers.color` has been localized to `en_US`.
2025-10-31 19:15:13,722 - DEBUG - Looking for locale `en_US` in provider `faker.providers.company`.
2025-10-31 19:15:13,730 - DEBUG - Provider `faker.providers.company` has been localized to `en_US`.
2025-10-31 19:15:13,733 - DEBUG - Looking for locale `en_US` in provider `faker.providers.credit_card`.
2025-10-31 19:15:13,735 - DEBUG - Provider `faker.providers.credit_card` has been localized to `en_US`.
2025-10-31 19:15:13,736 - DEBUG - Looking for locale `en_US` in provider `faker.providers.currency`.
2025-10-31 19:15:13,743 - DEBUG - Provider `faker.providers.currency` has been localized to `en_US`.
2025-10-31 19:15:13,744 - DEBUG - Looking for locale `en_US` in provider `faker.providers.date_time`.
2025-10-31 19:15:13,755 - DEBUG - Provider `faker.providers.date_time` has been localized to `en_US`.
2025-10-31 19:15:13,757 - DEBUG - Provider `faker.providers.doi` does not feature localization. Specified locale `en_US` is not used for this provider.
2025-10-31 19:15:13,757 - DEBUG - Provider `faker.providers.emoji` does not feature localization. Specified locale `en_US` is not used for this provider.
2025-10-31 19:15:13,757 - DEBUG - Provider `faker.providers.file` does not feature localization. Specified locale `en_US` is not used for this provider.
2025-10-31 19:15:13,758 - DEBUG - Looking for locale `en_US` in provider `faker.providers.geo`.
2025-10-31 19:15:13,762 - DEBUG - Provider `faker.providers.geo` has been localized to `en_US`.
2025-10-31 19:15:13,763 - DEBUG - Looking for locale `en_US` in provider `faker.providers.internet`.
2025-10-31 19:15:13,771 - DEBUG - Provider `faker.providers.internet` has been localized to `en_US`.
2025-10-31 19:15:13,775 - DEBUG - Looking for locale `en_US` in provider `faker.providers.isbn`.
2025-10-31 19:15:13,777 - DEBUG - Provider `faker.providers.isbn` has been localized to `en_US`.
2025-10-31 19:15:13,778 - DEBUG - Looking for locale `en_US` in provider `faker.providers.job`.
2025-10-31 19:15:13,785 - DEBUG - Provider `faker.providers.job` has been localized to `en_US`.
2025-10-31 19:15:13,790 - DEBUG - Looking for locale `en_US` in provider `faker.providers.lorem`.
2025-10-31 19:15:13,796 - DEBUG - Provider `faker.providers.lorem` has been localized to `en_US`.
2025-10-31 19:15:13,797 - DEBUG - Looking for locale `en_US` in provider `faker.providers.misc`.
2025-10-31 19:15:13,798 - DEBUG - Provider `faker.providers.misc` has been localized to `en_US`.
2025-10-31 19:15:13,800 - DEBUG - Looking for locale `en_US` in provider `faker.providers.passport`.
2025-10-31 19:15:13,803 - DEBUG - Provider `faker.providers.passport` has been localized to `en_US`.
2025-10-31 19:15:13,805 - DEBUG - Looking for locale `en_US` in provider `faker.providers.person`.
2025-10-31 19:15:13,819 - DEBUG - Provider `faker.providers.person` has been localized to `en_US`.
2025-10-31 19:15:13,825 - DEBUG - Looking for locale `en_US` in provider `faker.providers.phone_number`.
2025-10-31 19:15:13,834 - DEBUG - Provider `faker.providers.phone_number` has been localized to `en_US`.
2025-10-31 19:15:13,837 - DEBUG - Provider `faker.providers.profile` does not feature localization. Specified locale `en_US` is not used for this provider.
2025-10-31 19:15:13,838 - DEBUG - Provider `faker.providers.python` does not feature localization. Specified locale `en_US` is not used for this provider.
2025-10-31 19:15:13,838 - DEBUG - Provider `faker.providers.sbn` does not feature localization. Specified locale `en_US` is not used for this provider.
2025-10-31 19:15:13,838 - DEBUG - Looking for locale `en_US` in provider `faker.providers.ssn`.
2025-10-31 19:15:13,848 - DEBUG - Provider `faker.providers.ssn` has been localized to `en_US`.
2025-10-31 19:15:13,850 - DEBUG - Provider `faker.providers.user_agent` does not feature localization. Specified locale `en_US` is not used for this provider.
2025-10-31 19:15:14,858 - INFO - MainWindow.__init__ started.
2025-10-31 19:15:15,024 - INFO - MainWindow.__init__ finished.
