2025-11-03 12:39:51,843 - INFO - Application starting...
2025-11-03 12:39:52,279 - DEBUG - Starting new HTTPS connection (1): api.telegra.ph:443
2025-11-03 12:39:54,413 - DEBUG - https://api.telegra.ph:443 "POST /createAccount/ HTTP/1.1" 200 214
2025-11-03 12:39:55,499 - DEBUG - Not in REPL -> leaving logger event level as is.
2025-11-03 12:39:55,506 - DEBUG - Looking for locale `en_US` in provider `faker.providers.address`.
2025-11-03 12:39:55,512 - DEBUG - Provider `faker.providers.address` has been localized to `en_US`.
2025-11-03 12:39:55,514 - DEBUG - Looking for locale `en_US` in provider `faker.providers.automotive`.
2025-11-03 12:39:55,519 - DEBUG - Provider `faker.providers.automotive` has been localized to `en_US`.
2025-11-03 12:39:55,520 - DEBUG - Looking for locale `en_US` in provider `faker.providers.bank`.
2025-11-03 12:39:55,523 - DEBUG - Specified locale `en_US` is not available for provider `faker.providers.bank`. Locale reset to `en_GB` for this provider.
2025-11-03 12:39:55,524 - DEBUG - Looking for locale `en_US` in provider `faker.providers.barcode`.
2025-11-03 12:39:55,525 - DEBUG - Provider `faker.providers.barcode` has been localized to `en_US`.
2025-11-03 12:39:55,527 - DEBUG - Looking for locale `en_US` in provider `faker.providers.color`.
2025-11-03 12:39:55,530 - DEBUG - Provider `faker.providers.color` has been localized to `en_US`.
2025-11-03 12:39:55,531 - DEBUG - Looking for locale `en_US` in provider `faker.providers.company`.
2025-11-03 12:39:55,534 - DEBUG - Provider `faker.providers.company` has been localized to `en_US`.
2025-11-03 12:39:55,536 - DEBUG - Looking for locale `en_US` in provider `faker.providers.credit_card`.
2025-11-03 12:39:55,538 - DEBUG - Provider `faker.providers.credit_card` has been localized to `en_US`.
2025-11-03 12:39:55,539 - DEBUG - Looking for locale `en_US` in provider `faker.providers.currency`.
2025-11-03 12:39:55,543 - DEBUG - Provider `faker.providers.currency` has been localized to `en_US`.
2025-11-03 12:39:55,544 - DEBUG - Looking for locale `en_US` in provider `faker.providers.date_time`.
2025-11-03 12:39:55,547 - DEBUG - Provider `faker.providers.date_time` has been localized to `en_US`.
2025-11-03 12:39:55,548 - DEBUG - Provider `faker.providers.doi` does not feature localization. Specified locale `en_US` is not used for this provider.
2025-11-03 12:39:55,549 - DEBUG - Provider `faker.providers.emoji` does not feature localization. Specified locale `en_US` is not used for this provider.
2025-11-03 12:39:55,550 - DEBUG - Provider `faker.providers.file` does not feature localization. Specified locale `en_US` is not used for this provider.
2025-11-03 12:39:55,550 - DEBUG - Looking for locale `en_US` in provider `faker.providers.geo`.
2025-11-03 12:39:55,551 - DEBUG - Provider `faker.providers.geo` has been localized to `en_US`.
2025-11-03 12:39:55,552 - DEBUG - Looking for locale `en_US` in provider `faker.providers.internet`.
2025-11-03 12:39:55,557 - DEBUG - Provider `faker.providers.internet` has been localized to `en_US`.
2025-11-03 12:39:55,558 - DEBUG - Looking for locale `en_US` in provider `faker.providers.isbn`.
2025-11-03 12:39:55,558 - DEBUG - Provider `faker.providers.isbn` has been localized to `en_US`.
2025-11-03 12:39:55,559 - DEBUG - Looking for locale `en_US` in provider `faker.providers.job`.
2025-11-03 12:39:55,564 - DEBUG - Provider `faker.providers.job` has been localized to `en_US`.
2025-11-03 12:39:55,565 - DEBUG - Looking for locale `en_US` in provider `faker.providers.lorem`.
2025-11-03 12:39:55,568 - DEBUG - Provider `faker.providers.lorem` has been localized to `en_US`.
2025-11-03 12:39:55,568 - DEBUG - Looking for locale `en_US` in provider `faker.providers.misc`.
2025-11-03 12:39:55,569 - DEBUG - Provider `faker.providers.misc` has been localized to `en_US`.
2025-11-03 12:39:55,571 - DEBUG - Looking for locale `en_US` in provider `faker.providers.passport`.
2025-11-03 12:39:55,572 - DEBUG - Provider `faker.providers.passport` has been localized to `en_US`.
2025-11-03 12:39:55,573 - DEBUG - Looking for locale `en_US` in provider `faker.providers.person`.
2025-11-03 12:39:55,580 - DEBUG - Provider `faker.providers.person` has been localized to `en_US`.
2025-11-03 12:39:55,582 - DEBUG - Looking for locale `en_US` in provider `faker.providers.phone_number`.
2025-11-03 12:39:55,589 - DEBUG - Provider `faker.providers.phone_number` has been localized to `en_US`.
2025-11-03 12:39:55,591 - DEBUG - Provider `faker.providers.profile` does not feature localization. Specified locale `en_US` is not used for this provider.
2025-11-03 12:39:55,591 - DEBUG - Provider `faker.providers.python` does not feature localization. Specified locale `en_US` is not used for this provider.
2025-11-03 12:39:55,591 - DEBUG - Provider `faker.providers.sbn` does not feature localization. Specified locale `en_US` is not used for this provider.
2025-11-03 12:39:55,592 - DEBUG - Looking for locale `en_US` in provider `faker.providers.ssn`.
2025-11-03 12:39:55,595 - DEBUG - Provider `faker.providers.ssn` has been localized to `en_US`.
2025-11-03 12:39:55,596 - DEBUG - Provider `faker.providers.user_agent` does not feature localization. Specified locale `en_US` is not used for this provider.
2025-11-03 12:39:56,060 - INFO - MainWindow.__init__ started.
2025-11-03 12:39:56,146 - INFO - MainWindow.__init__ finished.
