2025-08-10 21:11:27,687 - INFO - Application starting...
2025-08-10 21:11:28,044 - DEBUG - Starting new HTTPS connection (1): api.telegra.ph:443
2025-08-10 21:11:30,005 - DEBUG - https://api.telegra.ph:443 "POST /createAccount/ HTTP/1.1" 200 216
2025-08-10 21:11:30,956 - DEBUG - Not in REPL -> leaving logger event level as is.
2025-08-10 21:11:30,961 - DEBUG - Looking for locale `en_US` in provider `faker.providers.address`.
2025-08-10 21:11:30,967 - DEBUG - Provider `faker.providers.address` has been localized to `en_US`.
2025-08-10 21:11:30,969 - DEBUG - Looking for locale `en_US` in provider `faker.providers.automotive`.
2025-08-10 21:11:30,977 - DEBUG - Provider `faker.providers.automotive` has been localized to `en_US`.
2025-08-10 21:11:30,978 - DEBUG - Looking for locale `en_US` in provider `faker.providers.bank`.
2025-08-10 21:11:30,981 - DEBUG - Specified locale `en_US` is not available for provider `faker.providers.bank`. Locale reset to `en_GB` for this provider.
2025-08-10 21:11:30,984 - DEBUG - Looking for locale `en_US` in provider `faker.providers.barcode`.
2025-08-10 21:11:30,984 - DEBUG - Provider `faker.providers.barcode` has been localized to `en_US`.
2025-08-10 21:11:30,987 - DEBUG - Looking for locale `en_US` in provider `faker.providers.color`.
2025-08-10 21:11:30,992 - DEBUG - Provider `faker.providers.color` has been localized to `en_US`.
2025-08-10 21:11:30,993 - DEBUG - Looking for locale `en_US` in provider `faker.providers.company`.
2025-08-10 21:11:30,997 - DEBUG - Provider `faker.providers.company` has been localized to `en_US`.
2025-08-10 21:11:30,998 - DEBUG - Looking for locale `en_US` in provider `faker.providers.credit_card`.
2025-08-10 21:11:30,999 - DEBUG - Provider `faker.providers.credit_card` has been localized to `en_US`.
2025-08-10 21:11:31,000 - DEBUG - Looking for locale `en_US` in provider `faker.providers.currency`.
2025-08-10 21:11:31,003 - DEBUG - Provider `faker.providers.currency` has been localized to `en_US`.
2025-08-10 21:11:31,004 - DEBUG - Looking for locale `en_US` in provider `faker.providers.date_time`.
2025-08-10 21:11:31,008 - DEBUG - Provider `faker.providers.date_time` has been localized to `en_US`.
2025-08-10 21:11:31,009 - DEBUG - Provider `faker.providers.doi` does not feature localization. Specified locale `en_US` is not utilized for this provider.
2025-08-10 21:11:31,009 - DEBUG - Provider `faker.providers.emoji` does not feature localization. Specified locale `en_US` is not utilized for this provider.
2025-08-10 21:11:31,010 - DEBUG - Provider `faker.providers.file` does not feature localization. Specified locale `en_US` is not utilized for this provider.
2025-08-10 21:11:31,010 - DEBUG - Looking for locale `en_US` in provider `faker.providers.geo`.
2025-08-10 21:11:31,011 - DEBUG - Provider `faker.providers.geo` has been localized to `en_US`.
2025-08-10 21:11:31,012 - DEBUG - Looking for locale `en_US` in provider `faker.providers.internet`.
2025-08-10 21:11:31,015 - DEBUG - Provider `faker.providers.internet` has been localized to `en_US`.
2025-08-10 21:11:31,016 - DEBUG - Looking for locale `en_US` in provider `faker.providers.isbn`.
2025-08-10 21:11:31,017 - DEBUG - Provider `faker.providers.isbn` has been localized to `en_US`.
2025-08-10 21:11:31,018 - DEBUG - Looking for locale `en_US` in provider `faker.providers.job`.
2025-08-10 21:11:31,021 - DEBUG - Provider `faker.providers.job` has been localized to `en_US`.
2025-08-10 21:11:31,022 - DEBUG - Looking for locale `en_US` in provider `faker.providers.lorem`.
2025-08-10 21:11:31,024 - DEBUG - Provider `faker.providers.lorem` has been localized to `en_US`.
2025-08-10 21:11:31,024 - DEBUG - Looking for locale `en_US` in provider `faker.providers.misc`.
2025-08-10 21:11:31,025 - DEBUG - Provider `faker.providers.misc` has been localized to `en_US`.
2025-08-10 21:11:31,026 - DEBUG - Looking for locale `en_US` in provider `faker.providers.passport`.
2025-08-10 21:11:31,027 - DEBUG - Provider `faker.providers.passport` has been localized to `en_US`.
2025-08-10 21:11:31,028 - DEBUG - Looking for locale `en_US` in provider `faker.providers.person`.
2025-08-10 21:11:31,033 - DEBUG - Provider `faker.providers.person` has been localized to `en_US`.
2025-08-10 21:11:31,036 - DEBUG - Looking for locale `en_US` in provider `faker.providers.phone_number`.
2025-08-10 21:11:31,040 - DEBUG - Provider `faker.providers.phone_number` has been localized to `en_US`.
2025-08-10 21:11:31,042 - DEBUG - Provider `faker.providers.profile` does not feature localization. Specified locale `en_US` is not utilized for this provider.
2025-08-10 21:11:31,042 - DEBUG - Provider `faker.providers.python` does not feature localization. Specified locale `en_US` is not utilized for this provider.
2025-08-10 21:11:31,042 - DEBUG - Provider `faker.providers.sbn` does not feature localization. Specified locale `en_US` is not utilized for this provider.
2025-08-10 21:11:31,042 - DEBUG - Looking for locale `en_US` in provider `faker.providers.ssn`.
2025-08-10 21:11:31,047 - DEBUG - Provider `faker.providers.ssn` has been localized to `en_US`.
2025-08-10 21:11:31,048 - DEBUG - Provider `faker.providers.user_agent` does not feature localization. Specified locale `en_US` is not utilized for this provider.
2025-08-10 21:11:31,101 - INFO - MainWindow.__init__ started.
2025-08-10 21:11:31,102 - INFO - Theme loaded.
2025-08-10 21:11:31,146 - INFO - Successfully loaded plugin: IP Info Checker
2025-08-10 21:11:31,150 - INFO - Categorized menu created.
2025-08-10 21:11:31,161 - INFO - Theme applied.
2025-08-10 21:11:31,162 - INFO - Loading initial background from config: C:\Users\ShShu\Downloads\anime-purple.mp4
2025-08-10 21:11:31,162 - INFO - Setting background to: C:\Users\ShShu\Downloads\anime-purple.mp4
2025-08-10 21:11:31,162 - DEBUG - Background type: Video
2025-08-10 21:11:31,163 - INFO - Video background set successfully.
2025-08-10 21:11:31,164 - INFO - MainWindow.__init__ finished.
2025-08-10 21:12:24,652 - INFO - Dispatching plugin: IP Info Checker
