2025-10-31 10:39:58,018 - INFO - Application starting...
2025-10-31 10:39:58,406 - DEBUG - Starting new HTTPS connection (1): api.telegra.ph:443
2025-10-31 10:40:00,041 - DEBUG - https://api.telegra.ph:443 "POST /createAccount/ HTTP/1.1" 200 217
2025-10-31 10:40:01,056 - DEBUG - Not in REPL -> leaving logger event level as is.
2025-10-31 10:40:01,060 - DEBUG - Looking for locale `en_US` in provider `faker.providers.address`.
2025-10-31 10:40:01,066 - DEBUG - Provider `faker.providers.address` has been localized to `en_US`.
2025-10-31 10:40:01,068 - DEBUG - Looking for locale `en_US` in provider `faker.providers.automotive`.
2025-10-31 10:40:01,074 - DEBUG - Provider `faker.providers.automotive` has been localized to `en_US`.
2025-10-31 10:40:01,075 - DEBUG - Looking for locale `en_US` in provider `faker.providers.bank`.
2025-10-31 10:40:01,078 - DEBUG - Specified locale `en_US` is not available for provider `faker.providers.bank`. Locale reset to `en_GB` for this provider.
2025-10-31 10:40:01,079 - DEBUG - Looking for locale `en_US` in provider `faker.providers.barcode`.
2025-10-31 10:40:01,081 - DEBUG - Provider `faker.providers.barcode` has been localized to `en_US`.
2025-10-31 10:40:01,082 - DEBUG - Looking for locale `en_US` in provider `faker.providers.color`.
2025-10-31 10:40:01,085 - DEBUG - Provider `faker.providers.color` has been localized to `en_US`.
2025-10-31 10:40:01,086 - DEBUG - Looking for locale `en_US` in provider `faker.providers.company`.
2025-10-31 10:40:01,090 - DEBUG - Provider `faker.providers.company` has been localized to `en_US`.
2025-10-31 10:40:01,092 - DEBUG - Looking for locale `en_US` in provider `faker.providers.credit_card`.
2025-10-31 10:40:01,092 - DEBUG - Provider `faker.providers.credit_card` has been localized to `en_US`.
2025-10-31 10:40:01,094 - DEBUG - Looking for locale `en_US` in provider `faker.providers.currency`.
2025-10-31 10:40:01,096 - DEBUG - Provider `faker.providers.currency` has been localized to `en_US`.
2025-10-31 10:40:01,097 - DEBUG - Looking for locale `en_US` in provider `faker.providers.date_time`.
2025-10-31 10:40:01,101 - DEBUG - Provider `faker.providers.date_time` has been localized to `en_US`.
2025-10-31 10:40:01,102 - DEBUG - Provider `faker.providers.doi` does not feature localization. Specified locale `en_US` is not used for this provider.
2025-10-31 10:40:01,102 - DEBUG - Provider `faker.providers.emoji` does not feature localization. Specified locale `en_US` is not used for this provider.
2025-10-31 10:40:01,102 - DEBUG - Provider `faker.providers.file` does not feature localization. Specified locale `en_US` is not used for this provider.
2025-10-31 10:40:01,102 - DEBUG - Looking for locale `en_US` in provider `faker.providers.geo`.
2025-10-31 10:40:01,103 - DEBUG - Provider `faker.providers.geo` has been localized to `en_US`.
2025-10-31 10:40:01,104 - DEBUG - Looking for locale `en_US` in provider `faker.providers.internet`.
2025-10-31 10:40:01,107 - DEBUG - Provider `faker.providers.internet` has been localized to `en_US`.
2025-10-31 10:40:01,108 - DEBUG - Looking for locale `en_US` in provider `faker.providers.isbn`.
2025-10-31 10:40:01,109 - DEBUG - Provider `faker.providers.isbn` has been localized to `en_US`.
2025-10-31 10:40:01,109 - DEBUG - Looking for locale `en_US` in provider `faker.providers.job`.
2025-10-31 10:40:01,113 - DEBUG - Provider `faker.providers.job` has been localized to `en_US`.
2025-10-31 10:40:01,114 - DEBUG - Looking for locale `en_US` in provider `faker.providers.lorem`.
2025-10-31 10:40:01,116 - DEBUG - Provider `faker.providers.lorem` has been localized to `en_US`.
2025-10-31 10:40:01,117 - DEBUG - Looking for locale `en_US` in provider `faker.providers.misc`.
2025-10-31 10:40:01,118 - DEBUG - Provider `faker.providers.misc` has been localized to `en_US`.
2025-10-31 10:40:01,119 - DEBUG - Looking for locale `en_US` in provider `faker.providers.passport`.
2025-10-31 10:40:01,120 - DEBUG - Provider `faker.providers.passport` has been localized to `en_US`.
2025-10-31 10:40:01,120 - DEBUG - Looking for locale `en_US` in provider `faker.providers.person`.
2025-10-31 10:40:01,127 - DEBUG - Provider `faker.providers.person` has been localized to `en_US`.
2025-10-31 10:40:01,129 - DEBUG - Looking for locale `en_US` in provider `faker.providers.phone_number`.
2025-10-31 10:40:01,135 - DEBUG - Provider `faker.providers.phone_number` has been localized to `en_US`.
2025-10-31 10:40:01,136 - DEBUG - Provider `faker.providers.profile` does not feature localization. Specified locale `en_US` is not used for this provider.
2025-10-31 10:40:01,136 - DEBUG - Provider `faker.providers.python` does not feature localization. Specified locale `en_US` is not used for this provider.
2025-10-31 10:40:01,137 - DEBUG - Provider `faker.providers.sbn` does not feature localization. Specified locale `en_US` is not used for this provider.
2025-10-31 10:40:01,137 - DEBUG - Looking for locale `en_US` in provider `faker.providers.ssn`.
2025-10-31 10:40:01,141 - DEBUG - Provider `faker.providers.ssn` has been localized to `en_US`.
2025-10-31 10:40:01,142 - DEBUG - Provider `faker.providers.user_agent` does not feature localization. Specified locale `en_US` is not used for this provider.
2025-10-31 10:40:01,566 - INFO - MainWindow.__init__ started.
2025-10-31 10:40:01,640 - INFO - MainWindow.__init__ finished.
2025-10-31 10:40:06,546 - DEBUG - Starting new HTTPS connection (1): raw.githubusercontent.com:443
2025-10-31 10:40:08,131 - DEBUG - https://raw.githubusercontent.com:443 "GET /ProxyScraper/ProxyScraper/main/http.txt HTTP/1.1" 200 183052
